[0510/215247.074:ERROR:process_memory_win.cc(73)] ReadMemory at 0x5e5a0000 of 64 bytes failed: Only part of a ReadProcessMemory or WriteProcessMemory request was completed. (0x12B)
[0510/215247.076:WARNING:pe_image_reader.cc(340)] could not read dos header from C:\Program Files\McAfee\Endpoint Security\Threat Prevention\Ips\EpMPThe.dll
[0510/215247.078:ERROR:process_memory_win.cc(73)] ReadMemory at 0x1d7a8d60000 of 64 bytes failed: Only part of a ReadProcessMemory or WriteProcessMemory request was completed. (0x12B)
[0510/215247.078:WARNING:pe_image_reader.cc(340)] could not read dos header from C:\Windows\System32\shcore.dll
[0510/215247.079:ERROR:process_memory_win.cc(73)] ReadMemory at 0x1d7a87b0750 of 72 bytes failed: Only part of a ReadProcessMemory or WriteProcessMemory request was completed. (0x12B)
[0510/215247.082:WARNING:pe_image_annotations_reader.cc(134)] could not read annotations list object in C:\Program Files (x86)\Google\Chrome\Application\81.0.4044.138\chrome_elf.dll
[0510/215247.084:ERROR:process_memory_win.cc(73)] ReadMemory at 0x5e5a0000 of 64 bytes failed: Only part of a ReadProcessMemory or WriteProcessMemory request was completed. (0x12B)
[0510/215247.084:WARNING:pe_image_reader.cc(340)] could not read dos header from C:\Program Files\McAfee\Endpoint Security\Threat Prevention\Ips\EpMPThe.dll
[0510/215247.084:ERROR:process_memory_win.cc(73)] ReadMemory at 0x5e5a0000 of 64 bytes failed: Only part of a ReadProcessMemory or WriteProcessMemory request was completed. (0x12B)
[0510/215247.084:WARNING:pe_image_reader.cc(340)] could not read dos header from C:\Program Files\McAfee\Endpoint Security\Threat Prevention\Ips\EpMPThe.dll
[0510/215247.084:ERROR:process_memory_win.cc(73)] ReadMemory at 0x7ffd69050000 of 64 bytes failed: Only part of a ReadProcessMemory or WriteProcessMemory request was completed. (0x12B)
[0510/215247.084:WARNING:pe_image_reader.cc(340)] could not read dos header from C:\Program Files (x86)\Google\Chrome\Application\81.0.4044.138\chrome.dll
[0510/215247.084:ERROR:process_memory_win.cc(73)] ReadMemory at 0x7ffd69050000 of 64 bytes failed: Only part of a ReadProcessMemory or WriteProcessMemory request was completed. (0x12B)
[0510/215247.084:WARNING:pe_image_reader.cc(340)] could not read dos header from C:\Program Files (x86)\Google\Chrome\Application\81.0.4044.138\chrome.dll
[0510/215247.084:ERROR:process_memory_win.cc(73)] ReadMemory at 0x7ffdd38b0000 of 64 bytes failed: Only part of a ReadProcessMemory or WriteProcessMemory request was completed. (0x12B)
[0510/215247.084:WARNING:pe_image_reader.cc(340)] could not read dos header from C:\Windows\SYSTEM32\IPHLPAPI.DLL
[0510/215247.085:ERROR:process_memory_win.cc(73)] ReadMemory at 0x7ffdd38b0000 of 64 bytes failed: Only part of a ReadProcessMemory or WriteProcessMemory request was completed. (0x12B)
[0510/215247.085:WARNING:pe_image_reader.cc(340)] could not read dos header from C:\Windows\SYSTEM32\IPHLPAPI.DLL
[0510/215247.085:ERROR:process_memory_win.cc(73)] ReadMemory at 0x7ffdd1b10000 of 64 bytes failed: Only part of a ReadProcessMemory or WriteProcessMemory request was completed. (0x12B)
[0510/215247.085:WARNING:pe_image_reader.cc(340)] could not read dos header from C:\Windows\SYSTEM32\WINMM.dll
[0510/215247.085:ERROR:process_memory_win.cc(73)] ReadMemory at 0x7ffdd1b10000 of 64 bytes failed: Only part of a ReadProcessMemory or WriteProcessMemory request was completed. (0x12B)
[0510/215247.085:WARNING:pe_image_reader.cc(340)] could not read dos header from C:\Windows\SYSTEM32\WINMM.dll
[0510/215247.085:ERROR:process_memory_win.cc(73)] ReadMemory at 0x7ffdc3dd0000 of 64 bytes failed: Only part of a ReadProcessMemory or WriteProcessMemory request was completed. (0x12B)
[0510/215247.085:WARNING:pe_image_reader.cc(340)] could not read dos header from C:\Windows\SYSTEM32\Secur32.dll
[0510/215247.085:ERROR:process_memory_win.cc(73)] ReadMemory at 0x7ffdc3dd0000 of 64 bytes failed: Only part of a ReadProcessMemory or WriteProcessMemory request was completed. (0x12B)
[0510/215247.085:WARNING:pe_image_reader.cc(340)] could not read dos header from C:\Windows\SYSTEM32\Secur32.dll
[0510/215247.085:ERROR:process_memory_win.cc(73)] ReadMemory at 0x7ffdd4970000 of 64 bytes failed: Only part of a ReadProcessMemory or WriteProcessMemory request was completed. (0x12B)
[0510/215247.085:WARNING:pe_image_reader.cc(340)] could not read dos header from C:\Windows\SYSTEM32\USERENV.dll
[0510/215247.085:ERROR:process_memory_win.cc(73)] ReadMemory at 0x7ffdd4970000 of 64 bytes failed: Only part of a ReadProcessMemory or WriteProcessMemory request was completed. (0x12B)
[0510/215247.085:WARNING:pe_image_reader.cc(340)] could not read dos header from C:\Windows\SYSTEM32\USERENV.dll
[0510/215247.085:ERROR:process_memory_win.cc(73)] ReadMemory at 0x7ffdd4af0000 of 64 bytes failed: Only part of a ReadProcessMemory or WriteProcessMemory request was completed. (0x12B)
[0510/215247.085:WARNING:pe_image_reader.cc(340)] could not read dos header from C:\Windows\System32\profapi.dll
[0510/215247.085:ERROR:process_memory_win.cc(73)] ReadMemory at 0x7ffdd4af0000 of 64 bytes failed: Only part of a ReadProcessMemory or WriteProcessMemory request was completed. (0x12B)
[0510/215247.085:WARNING:pe_image_reader.cc(340)] could not read dos header from C:\Windows\System32\profapi.dll
[0510/215247.085:ERROR:process_memory_win.cc(73)] ReadMemory at 0x7ffdaaf60000 of 64 bytes failed: Only part of a ReadProcessMemory or WriteProcessMemory request was completed. (0x12B)
[0510/215247.085:WARNING:pe_image_reader.cc(340)] could not read dos header from C:\Windows\SYSTEM32\UIAutomationCore.DLL
[0510/215247.085:ERROR:process_memory_win.cc(73)] ReadMemory at 0x7ffdaaf60000 of 64 bytes failed: Only part of a ReadProcessMemory or WriteProcessMemory request was completed. (0x12B)
[0510/215247.085:WARNING:pe_image_reader.cc(340)] could not read dos header from C:\Windows\SYSTEM32\UIAutomationCore.DLL
[0510/215247.086:ERROR:process_memory_win.cc(73)] ReadMemory at 0x7ffdc2900000 of 64 bytes failed: Only part of a ReadProcessMemory or WriteProcessMemory request was completed. (0x12B)
[0510/215247.086:WARNING:pe_image_reader.cc(340)] could not read dos header from C:\Windows\SYSTEM32\DWrite.dll
[0510/215247.086:ERROR:process_memory_win.cc(73)] ReadMemory at 0x7ffdc2900000 of 64 bytes failed: Only part of a ReadProcessMemory or WriteProcessMemory request was completed. (0x12B)
[0510/215247.086:WARNING:pe_image_reader.cc(340)] could not read dos header from C:\Windows\SYSTEM32\DWrite.dll
[0510/215247.086:ERROR:process_memory_win.cc(73)] ReadMemory at 0x7ffdc3a70000 of 64 bytes failed: Only part of a ReadProcessMemory or WriteProcessMemory request was completed. (0x12B)
[0510/215247.086:WARNING:pe_image_reader.cc(340)] could not read dos header from C:\Windows\SYSTEM32\WINSPOOL.DRV
[0510/215247.086:ERROR:process_memory_win.cc(73)] ReadMemory at 0x7ffdc3a70000 of 64 bytes failed: Only part of a ReadProcessMemory or WriteProcessMemory request was completed. (0x12B)
[0510/215247.086:WARNING:pe_image_reader.cc(340)] could not read dos header from C:\Windows\SYSTEM32\WINSPOOL.DRV
[0510/215247.086:ERROR:process_memory_win.cc(73)] ReadMemory at 0x7ffdd4a60000 of 64 bytes failed: Only part of a ReadProcessMemory or WriteProcessMemory request was completed. (0x12B)
[0510/215247.086:WARNING:pe_image_reader.cc(340)] could not read dos header from C:\Windows\System32\kernel.appcore.dll
[0510/215247.086:ERROR:process_memory_win.cc(73)] ReadMemory at 0x7ffdd4a60000 of 64 bytes failed: Only part of a ReadProcessMemory or WriteProcessMemory request was completed. (0x12B)
[0510/215247.086:WARNING:pe_image_reader.cc(340)] could not read dos header from C:\Windows\System32\kernel.appcore.dll
[0510/215247.086:ERROR:process_memory_win.cc(73)] ReadMemory at 0x7ffdd5a30000 of 64 bytes failed: Only part of a ReadProcessMemory or WriteProcessMemory request was completed. (0x12B)
[0510/215247.086:WARNING:pe_image_reader.cc(340)] could not read dos header from C:\Windows\System32\bcrypt.dll
[0510/215247.086:ERROR:process_memory_win.cc(73)] ReadMemory at 0x7ffdd5a30000 of 64 bytes failed: Only part of a ReadProcessMemory or WriteProcessMemory request was completed. (0x12B)
[0510/215247.086:WARNING:pe_image_reader.cc(340)] could not read dos header from C:\Windows\System32\bcrypt.dll
[0510/215247.086:ERROR:process_memory_win.cc(73)] ReadMemory at 0x7ffdd4570000 of 64 bytes failed: Only part of a ReadProcessMemory or WriteProcessMemory request was completed. (0x12B)
[0510/215247.087:WARNING:pe_image_reader.cc(340)] could not read dos header from C:\Windows\SYSTEM32\dbghelp.dll
[0510/215247.087:ERROR:process_memory_win.cc(73)] ReadMemory at 0x7ffdd4570000 of 64 bytes failed: Only part of a ReadProcessMemory or WriteProcessMemory request was completed. (0x12B)
[0510/215247.087:WARNING:pe_image_reader.cc(340)] could not read dos header from C:\Windows\SYSTEM32\dbghelp.dll
[0510/215247.087:ERROR:process_memory_win.cc(73)] ReadMemory at 0x7ffdcd7a0000 of 64 bytes failed: Only part of a ReadProcessMemory or WriteProcessMemory request was completed. (0x12B)
[0510/215247.087:WARNING:pe_image_reader.cc(340)] could not read dos header from C:\Windows\SYSTEM32\WINHTTP.dll
[0510/215247.087:ERROR:process_memory_win.cc(73)] ReadMemory at 0x7ffdcd7a0000 of 64 bytes failed: Only part of a ReadProcessMemory or WriteProcessMemory request was completed. (0x12B)
[0510/215247.087:WARNING:pe_image_reader.cc(340)] could not read dos header from C:\Windows\SYSTEM32\WINHTTP.dll
[0510/215247.087:ERROR:process_memory_win.cc(73)] ReadMemory at 0x7ffdcce50000 of 64 bytes failed: Only part of a ReadProcessMemory or WriteProcessMemory request was completed. (0x12B)
[0510/215247.087:WARNING:pe_image_reader.cc(340)] could not read dos header from C:\Windows\SYSTEM32\dhcpcsvc.DLL
[0510/215247.087:ERROR:process_memory_win.cc(73)] ReadMemory at 0x7ffdcce50000 of 64 bytes failed: Only part of a ReadProcessMemory or WriteProcessMemory request was completed. (0x12B)
[0510/215247.087:WARNING:pe_image_reader.cc(340)] could not read dos header from C:\Windows\SYSTEM32\dhcpcsvc.DLL
[0510/215247.087:ERROR:process_memory_win.cc(73)] ReadMemory at 0x7ffdd6f90000 of 64 bytes failed: Only part of a ReadProcessMemory or WriteProcessMemory request was completed. (0x12B)
[0510/215247.087:WARNING:pe_image_reader.cc(340)] could not read dos header from C:\Windows\System32\NSI.dll
[0510/215247.087:ERROR:process_memory_win.cc(73)] ReadMemory at 0x7ffdd6f90000 of 64 bytes failed: Only part of a ReadProcessMemory or WriteProcessMemory request was completed. (0x12B)
[0510/215247.087:WARNING:pe_image_reader.cc(340)] could not read dos header from C:\Windows\System32\NSI.dll
[0510/215247.088:ERROR:process_memory_win.cc(73)] ReadMemory at 0x7ffdd1ae0000 of 64 bytes failed: Only part of a ReadProcessMemory or WriteProcessMemory request was completed. (0x12B)
[0510/215247.088:WARNING:pe_image_reader.cc(340)] could not read dos header from C:\Windows\SYSTEM32\WINMMBASE.dll
[0510/215247.088:ERROR:process_memory_win.cc(73)] ReadMemory at 0x7ffdd1ae0000 of 64 bytes failed: Only part of a ReadProcessMemory or WriteProcessMemory request was completed. (0x12B)
[0510/215247.088:WARNING:pe_image_reader.cc(340)] could not read dos header from C:\Windows\SYSTEM32\WINMMBASE.dll
[0510/215247.088:ERROR:process_memory_win.cc(73)] ReadMemory at 0x7ffdd5890000 of 64 bytes failed: Only part of a ReadProcessMemory or WriteProcessMemory request was completed. (0x12B)
[0510/215247.088:WARNING:pe_image_reader.cc(340)] could not read dos header from C:\Windows\System32\cfgmgr32.dll
[0510/215247.088:ERROR:process_memory_win.cc(73)] ReadMemory at 0x7ffdd5890000 of 64 bytes failed: Only part of a ReadProcessMemory or WriteProcessMemory request was completed. (0x12B)
[0510/215247.088:WARNING:pe_image_reader.cc(340)] could not read dos header from C:\Windows\System32\cfgmgr32.dll
[0510/215247.088:ERROR:process_memory_win.cc(73)] ReadMemory at 0x7ffdcfbd0000 of 64 bytes failed: Only part of a ReadProcessMemory or WriteProcessMemory request was completed. (0x12B)
[0510/215247.088:WARNING:pe_image_reader.cc(340)] could not read dos header from C:\Windows\SYSTEM32\PROPSYS.dll
[0510/215247.088:ERROR:process_memory_win.cc(73)] ReadMemory at 0x7ffdcfbd0000 of 64 bytes failed: Only part of a ReadProcessMemory or WriteProcessMemory request was completed. (0x12B)
[0510/215247.088:WARNING:pe_image_reader.cc(340)] could not read dos header from C:\Windows\SYSTEM32\PROPSYS.dll
[0510/215247.088:ERROR:process_memory_win.cc(73)] ReadMemory at 0x1d7a8d60000 of 64 bytes failed: Only part of a ReadProcessMemory or WriteProcessMemory request was completed. (0x12B)
[0510/215247.088:WARNING:pe_image_reader.cc(340)] could not read dos header from C:\Windows\System32\shcore.dll
[0510/215247.088:ERROR:process_memory_win.cc(73)] ReadMemory at 0x1d7a8d60000 of 64 bytes failed: Only part of a ReadProcessMemory or WriteProcessMemory request was completed. (0x12B)
[0510/215247.088:WARNING:pe_image_reader.cc(340)] could not read dos header from C:\Windows\System32\shcore.dll
[0510/215247.088:ERROR:process_memory_win.cc(73)] ReadMemory at 0x7ffdd4940000 of 64 bytes failed: Only part of a ReadProcessMemory or WriteProcessMemory request was completed. (0x12B)
[0510/215247.088:WARNING:pe_image_reader.cc(340)] could not read dos header from C:\Windows\SYSTEM32\SSPICLI.DLL
[0510/215247.088:ERROR:process_memory_win.cc(73)] ReadMemory at 0x7ffdd4940000 of 64 bytes failed: Only part of a ReadProcessMemory or WriteProcessMemory request was completed. (0x12B)
[0510/215247.088:WARNING:pe_image_reader.cc(340)] could not read dos header from C:\Windows\SYSTEM32\SSPICLI.DLL
[0510/215247.089:ERROR:process_memory_win.cc(73)] ReadMemory at 0x7ffdd3d10000 of 64 bytes failed: Only part of a ReadProcessMemory or WriteProcessMemory request was completed. (0x12B)
[0510/215247.089:WARNING:pe_image_reader.cc(340)] could not read dos header from C:\Windows\SYSTEM32\CRYPTBASE.DLL
[0510/215247.089:ERROR:process_memory_win.cc(73)] ReadMemory at 0x7ffdd3d10000 of 64 bytes failed: Only part of a ReadProcessMemory or WriteProcessMemory request was completed. (0x12B)
[0510/215247.089:WARNING:pe_image_reader.cc(340)] could not read dos header from C:\Windows\SYSTEM32\CRYPTBASE.DLL
[0510/215247.169:ERROR:process_memory_win.cc(73)] ReadMemory at 0x7ff78e440000 of 64 bytes failed: Only part of a ReadProcessMemory or WriteProcessMemory request was completed. (0x12B)
[0510/215247.169:WARNING:pe_image_reader.cc(340)] could not read dos header from C:\Program Files (x86)\Google\Chrome\Application\chrome.exe
[0510/215247.169:ERROR:process_memory_win.cc(73)] ReadMemory at 0x7ffdd7b80000 of 64 bytes failed: Only part of a ReadProcessMemory or WriteProcessMemory request was completed. (0x12B)
[0510/215247.169:WARNING:pe_image_reader.cc(340)] could not read dos header from C:\Windows\SYSTEM32\ntdll.dll
[0510/215247.169:ERROR:process_memory_win.cc(73)] ReadMemory at 0x7ffdd6380000 of 64 bytes failed: Only part of a ReadProcessMemory or WriteProcessMemory request was completed. (0x12B)
[0510/215247.169:WARNING:pe_image_reader.cc(340)] could not read dos header from C:\Windows\System32\KERNEL32.DLL
[0510/215247.169:ERROR:process_memory_win.cc(73)] ReadMemory at 0x7ffdd5560000 of 64 bytes failed: Only part of a ReadProcessMemory or WriteProcessMemory request was completed. (0x12B)
[0510/215247.169:WARNING:pe_image_reader.cc(340)] could not read dos header from C:\Windows\System32\KERNELBASE.dll
[0510/215247.169:ERROR:process_memory_win.cc(73)] ReadMemory at 0x7ffdb1f50000 of 64 bytes failed: Only part of a ReadProcessMemory or WriteProcessMemory request was completed. (0x12B)
[0510/215247.169:WARNING:pe_image_reader.cc(340)] could not read dos header from C:\Program Files (x86)\Google\Chrome\Application\81.0.4044.138\chrome_elf.dll
[0510/215247.169:ERROR:process_memory_win.cc(73)] ReadMemory at 0x7ffdcbef0000 of 64 bytes failed: Only part of a ReadProcessMemory or WriteProcessMemory request was completed. (0x12B)
[0510/215247.169:WARNING:pe_image_reader.cc(340)] could not read dos header from C:\Windows\SYSTEM32\VERSION.dll
[0510/215247.169:ERROR:process_memory_win.cc(73)] ReadMemory at 0x7ffdd7690000 of 64 bytes failed: Only part of a ReadProcessMemory or WriteProcessMemory request was completed. (0x12B)
[0510/215247.169:WARNING:pe_image_reader.cc(340)] could not read dos header from C:\Windows\System32\msvcrt.dll
[0510/215247.170:ERROR:process_memory_win.cc(73)] ReadMemory at 0x7ffdb1ba0000 of 64 bytes failed: Only part of a ReadProcessMemory or WriteProcessMemory request was completed. (0x12B)
[0510/215247.170:WARNING:pe_image_reader.cc(340)] could not read dos header from C:\Program Files\McAfee\Endpoint Security\Threat Prevention\Ips\EpMPApi.dll
[0510/215247.170:ERROR:process_memory_win.cc(73)] ReadMemory at 0x7ffdd5c30000 of 64 bytes failed: Only part of a ReadProcessMemory or WriteProcessMemory request was completed. (0x12B)
[0510/215247.170:WARNING:pe_image_reader.cc(340)] could not read dos header from C:\Windows\System32\RPCRT4.dll
[0510/215247.170:ERROR:process_memory_win.cc(73)] ReadMemory at 0x7ffdd77e0000 of 64 bytes failed: Only part of a ReadProcessMemory or WriteProcessMemory request was completed. (0x12B)
[0510/215247.170:WARNING:pe_image_reader.cc(340)] could not read dos header from C:\Windows\System32\USER32.dll
[0510/215247.170:ERROR:process_memory_win.cc(73)] ReadMemory at 0x7ffdd5a60000 of 64 bytes failed: Only part of a ReadProcessMemory or WriteProcessMemory request was completed. (0x12B)
[0510/215247.170:WARNING:pe_image_reader.cc(340)] could not read dos header from C:\Windows\System32\win32u.dll
[0510/215247.170:ERROR:process_memory_win.cc(73)] ReadMemory at 0x7ffdd6350000 of 64 bytes failed: Only part of a ReadProcessMemory or WriteProcessMemory request was completed. (0x12B)
[0510/215247.170:WARNING:pe_image_reader.cc(340)] could not read dos header from C:\Windows\System32\GDI32.dll
[0510/215247.170:ERROR:process_memory_win.cc(73)] ReadMemory at 0x7ffdd5a90000 of 64 bytes failed: Only part of a ReadProcessMemory or WriteProcessMemory request was completed. (0x12B)
[0510/215247.170:WARNING:pe_image_reader.cc(340)] could not read dos header from C:\Windows\System32\gdi32full.dll
[0510/215247.170:ERROR:process_memory_win.cc(73)] ReadMemory at 0x7ffdd5990000 of 64 bytes failed: Only part of a ReadProcessMemory or WriteProcessMemory request was completed. (0x12B)
[0510/215247.170:WARNING:pe_image_reader.cc(340)] could not read dos header from C:\Windows\System32\msvcp_win.dll
[0510/215247.170:ERROR:process_memory_win.cc(73)] ReadMemory at 0x7ffdd5460000 of 64 bytes failed: Only part of a ReadProcessMemory or WriteProcessMemory request was completed. (0x12B)
[0510/215247.170:WARNING:pe_image_reader.cc(340)] could not read dos header from C:\Windows\System32\ucrtbase.dll
[0510/215247.170:ERROR:process_memory_win.cc(73)] ReadMemory at 0x7ffdd64f0000 of 64 bytes failed: Only part of a ReadProcessMemory or WriteProcessMemory request was completed. (0x12B)
[0510/215247.171:WARNING:pe_image_reader.cc(340)] could not read dos header from C:\Windows\System32\ADVAPI32.dll
[0510/215247.171:ERROR:process_memory_win.cc(73)] ReadMemory at 0x7ffdd6850000 of 64 bytes failed: Only part of a ReadProcessMemory or WriteProcessMemory request was completed. (0x12B)
[0510/215247.171:WARNING:pe_image_reader.cc(340)] could not read dos header from C:\Windows\System32\sechost.dll
[0510/215247.171:ERROR:process_memory_win.cc(73)] ReadMemory at 0x7ffdd5290000 of 64 bytes failed: Only part of a ReadProcessMemory or WriteProcessMemory request was completed. (0x12B)
[0510/215247.171:WARNING:pe_image_reader.cc(340)] could not read dos header from C:\Windows\System32\WINTRUST.dll
[0510/215247.171:ERROR:process_memory_win.cc(73)] ReadMemory at 0x7ffdd4a80000 of 64 bytes failed: Only part of a ReadProcessMemory or WriteProcessMemory request was completed. (0x12B)
[0510/215247.171:WARNING:pe_image_reader.cc(340)] could not read dos header from C:\Windows\System32\MSASN1.dll
[0510/215247.171:ERROR:process_memory_win.cc(73)] ReadMemory at 0x7ffdd5310000 of 64 bytes failed: Only part of a ReadProcessMemory or WriteProcessMemory request was completed. (0x12B)
[0510/215247.171:WARNING:pe_image_reader.cc(340)] could not read dos header from C:\Windows\System32\CRYPT32.dll
[0510/215247.171:ERROR:process_memory_win.cc(73)] ReadMemory at 0x7ffdd7730000 of 64 bytes failed: Only part of a ReadProcessMemory or WriteProcessMemory request was completed. (0x12B)
[0510/215247.171:WARNING:pe_image_reader.cc(340)] could not read dos header from C:\Windows\System32\IMM32.DLL
[0510/215247.171:ERROR:process_memory_win.cc(73)] ReadMemory at 0x5e5a0000 of 64 bytes failed: Only part of a ReadProcessMemory or WriteProcessMemory request was completed. (0x12B)
[0510/215247.171:WARNING:pe_image_reader.cc(340)] could not read dos header from C:\Program Files\McAfee\Endpoint Security\Threat Prevention\Ips\EpMPThe.dll
[0510/215247.171:ERROR:process_memory_win.cc(73)] ReadMemory at 0x7ffdd5810000 of 64 bytes failed: Only part of a ReadProcessMemory or WriteProcessMemory request was completed. (0x12B)
[0510/215247.171:WARNING:pe_image_reader.cc(340)] could not read dos header from C:\Windows\System32\bcryptPrimitives.dll
[0510/215247.172:ERROR:process_memory_win.cc(73)] ReadMemory at 0x7ffd69050000 of 64 bytes failed: Only part of a ReadProcessMemory or WriteProcessMemory request was completed. (0x12B)
[0510/215247.172:WARNING:pe_image_reader.cc(340)] could not read dos header from C:\Program Files (x86)\Google\Chrome\Application\81.0.4044.138\chrome.dll
[0510/215247.172:ERROR:process_memory_win.cc(73)] ReadMemory at 0x7ffdd6be0000 of 64 bytes failed: Only part of a ReadProcessMemory or WriteProcessMemory request was completed. (0x12B)
[0510/215247.172:WARNING:pe_image_reader.cc(340)] could not read dos header from C:\Windows\System32\WS2_32.dll
[0510/215247.172:ERROR:process_memory_win.cc(73)] ReadMemory at 0x7ffdd5d50000 of 64 bytes failed: Only part of a ReadProcessMemory or WriteProcessMemory request was completed. (0x12B)
[0510/215247.172:WARNING:pe_image_reader.cc(340)] could not read dos header from C:\Windows\System32\OLEAUT32.dll
[0510/215247.172:ERROR:process_memory_win.cc(73)] ReadMemory at 0x7ffdd6c50000 of 64 bytes failed: Only part of a ReadProcessMemory or WriteProcessMemory request was completed. (0x12B)
[0510/215247.172:WARNING:pe_image_reader.cc(340)] could not read dos header from C:\Windows\System32\combase.dll
[0510/215247.172:ERROR:process_memory_win.cc(73)] ReadMemory at 0x7ffdd38b0000 of 64 bytes failed: Only part of a ReadProcessMemory or WriteProcessMemory request was completed. (0x12B)
[0510/215247.172:WARNING:pe_image_reader.cc(340)] could not read dos header from C:\Windows\SYSTEM32\IPHLPAPI.DLL
[0510/215247.172:ERROR:process_memory_win.cc(73)] ReadMemory at 0x7ffdd1b10000 of 64 bytes failed: Only part of a ReadProcessMemory or WriteProcessMemory request was completed. (0x12B)
[0510/215247.172:WARNING:pe_image_reader.cc(340)] could not read dos header from C:\Windows\SYSTEM32\WINMM.dll
[0510/215247.172:ERROR:process_memory_win.cc(73)] ReadMemory at 0x7ffdc3dd0000 of 64 bytes failed: Only part of a ReadProcessMemory or WriteProcessMemory request was completed. (0x12B)
[0510/215247.172:WARNING:pe_image_reader.cc(340)] could not read dos header from C:\Windows\SYSTEM32\Secur32.dll
[0510/215247.172:ERROR:process_memory_win.cc(73)] ReadMemory at 0x7ffdd4970000 of 64 bytes failed: Only part of a ReadProcessMemory or WriteProcessMemory request was completed. (0x12B)
[0510/215247.172:WARNING:pe_image_reader.cc(340)] could not read dos header from C:\Windows\SYSTEM32\USERENV.dll
[0510/215247.172:ERROR:process_memory_win.cc(73)] ReadMemory at 0x7ffdd4af0000 of 64 bytes failed: Only part of a ReadProcessMemory or WriteProcessMemory request was completed. (0x12B)
[0510/215247.173:WARNING:pe_image_reader.cc(340)] could not read dos header from C:\Windows\System32\profapi.dll
[0510/215247.173:ERROR:process_memory_win.cc(73)] ReadMemory at 0x7ffdaaf60000 of 64 bytes failed: Only part of a ReadProcessMemory or WriteProcessMemory request was completed. (0x12B)
[0510/215247.173:WARNING:pe_image_reader.cc(340)] could not read dos header from C:\Windows\SYSTEM32\UIAutomationCore.DLL
[0510/215247.173:ERROR:process_memory_win.cc(73)] ReadMemory at 0x7ffdc2900000 of 64 bytes failed: Only part of a ReadProcessMemory or WriteProcessMemory request was completed. (0x12B)
[0510/215247.173:WARNING:pe_image_reader.cc(340)] could not read dos header from C:\Windows\SYSTEM32\DWrite.dll
[0510/215247.173:ERROR:process_memory_win.cc(73)] ReadMemory at 0x7ffdc3a70000 of 64 bytes failed: Only part of a ReadProcessMemory or WriteProcessMemory request was completed. (0x12B)
[0510/215247.173:WARNING:pe_image_reader.cc(340)] could not read dos header from C:\Windows\SYSTEM32\WINSPOOL.DRV
[0510/215247.173:ERROR:process_memory_win.cc(73)] ReadMemory at 0x7ffdd4a60000 of 64 bytes failed: Only part of a ReadProcessMemory or WriteProcessMemory request was completed. (0x12B)
[0510/215247.173:WARNING:pe_image_reader.cc(340)] could not read dos header from C:\Windows\System32\kernel.appcore.dll
[0510/215247.173:ERROR:process_memory_win.cc(73)] ReadMemory at 0x7ffdd5a30000 of 64 bytes failed: Only part of a ReadProcessMemory or WriteProcessMemory request was completed. (0x12B)
[0510/215247.173:WARNING:pe_image_reader.cc(340)] could not read dos header from C:\Windows\System32\bcrypt.dll
[0510/215247.173:ERROR:process_memory_win.cc(73)] ReadMemory at 0x7ffdd4570000 of 64 bytes failed: Only part of a ReadProcessMemory or WriteProcessMemory request was completed. (0x12B)
[0510/215247.173:WARNING:pe_image_reader.cc(340)] could not read dos header from C:\Windows\SYSTEM32\dbghelp.dll
[0510/215247.174:ERROR:process_memory_win.cc(73)] ReadMemory at 0x7ffdcd7a0000 of 64 bytes failed: Only part of a ReadProcessMemory or WriteProcessMemory request was completed. (0x12B)
[0510/215247.174:WARNING:pe_image_reader.cc(340)] could not read dos header from C:\Windows\SYSTEM32\WINHTTP.dll
[0510/215247.174:ERROR:process_memory_win.cc(73)] ReadMemory at 0x7ffdcce50000 of 64 bytes failed: Only part of a ReadProcessMemory or WriteProcessMemory request was completed. (0x12B)
[0510/215247.174:WARNING:pe_image_reader.cc(340)] could not read dos header from C:\Windows\SYSTEM32\dhcpcsvc.DLL
[0510/215247.174:ERROR:process_memory_win.cc(73)] ReadMemory at 0x7ffdd6f90000 of 64 bytes failed: Only part of a ReadProcessMemory or WriteProcessMemory request was completed. (0x12B)
[0510/215247.174:WARNING:pe_image_reader.cc(340)] could not read dos header from C:\Windows\System32\NSI.dll
[0510/215247.174:ERROR:process_memory_win.cc(73)] ReadMemory at 0x7ffdd1ae0000 of 64 bytes failed: Only part of a ReadProcessMemory or WriteProcessMemory request was completed. (0x12B)
[0510/215247.174:WARNING:pe_image_reader.cc(340)] could not read dos header from C:\Windows\SYSTEM32\WINMMBASE.dll
[0510/215247.174:ERROR:process_memory_win.cc(73)] ReadMemory at 0x7ffdd5890000 of 64 bytes failed: Only part of a ReadProcessMemory or WriteProcessMemory request was completed. (0x12B)
[0510/215247.174:WARNING:pe_image_reader.cc(340)] could not read dos header from C:\Windows\System32\cfgmgr32.dll
[0510/215247.174:ERROR:process_memory_win.cc(73)] ReadMemory at 0x7ffdcfbd0000 of 64 bytes failed: Only part of a ReadProcessMemory or WriteProcessMemory request was completed. (0x12B)
[0510/215247.175:WARNING:pe_image_reader.cc(340)] could not read dos header from C:\Windows\SYSTEM32\PROPSYS.dll
[0510/215247.175:ERROR:process_memory_win.cc(73)] ReadMemory at 0x1d7a8d60000 of 64 bytes failed: Only part of a ReadProcessMemory or WriteProcessMemory request was completed. (0x12B)
[0510/215247.175:WARNING:pe_image_reader.cc(340)] could not read dos header from C:\Windows\System32\shcore.dll
[0510/215247.175:ERROR:process_memory_win.cc(73)] ReadMemory at 0x7ffdd4940000 of 64 bytes failed: Only part of a ReadProcessMemory or WriteProcessMemory request was completed. (0x12B)
[0510/215247.175:WARNING:pe_image_reader.cc(340)] could not read dos header from C:\Windows\SYSTEM32\SSPICLI.DLL
[0510/215247.175:ERROR:process_memory_win.cc(73)] ReadMemory at 0x7ffdd3d10000 of 64 bytes failed: Only part of a ReadProcessMemory or WriteProcessMemory request was completed. (0x12B)
[0510/215247.175:WARNING:pe_image_reader.cc(340)] could not read dos header from C:\Windows\SYSTEM32\CRYPTBASE.DLL
[0510/215247.182:ERROR:process_memory_win.cc(73)] ReadMemory at 0x7ff78e440000 of 64 bytes failed: Only part of a ReadProcessMemory or WriteProcessMemory request was completed. (0x12B)
[0510/215247.182:WARNING:pe_image_reader.cc(340)] could not read dos header from C:\Program Files (x86)\Google\Chrome\Application\chrome.exe
[0510/215247.182:ERROR:process_memory_win.cc(73)] ReadMemory at 0x7ffdd7b80000 of 64 bytes failed: Only part of a ReadProcessMemory or WriteProcessMemory request was completed. (0x12B)
[0510/215247.182:WARNING:pe_image_reader.cc(340)] could not read dos header from C:\Windows\SYSTEM32\ntdll.dll
[0510/215247.183:ERROR:process_memory_win.cc(73)] ReadMemory at 0x7ffdd6380000 of 64 bytes failed: Only part of a ReadProcessMemory or WriteProcessMemory request was completed. (0x12B)
[0510/215247.183:WARNING:pe_image_reader.cc(340)] could not read dos header from C:\Windows\System32\KERNEL32.DLL
[0510/215247.183:ERROR:process_memory_win.cc(73)] ReadMemory at 0x7ffdd5560000 of 64 bytes failed: Only part of a ReadProcessMemory or WriteProcessMemory request was completed. (0x12B)
[0510/215247.183:WARNING:pe_image_reader.cc(340)] could not read dos header from C:\Windows\System32\KERNELBASE.dll
[0510/215247.183:ERROR:process_memory_win.cc(73)] ReadMemory at 0x7ffdb1f50000 of 64 bytes failed: Only part of a ReadProcessMemory or WriteProcessMemory request was completed. (0x12B)
[0510/215247.183:WARNING:pe_image_reader.cc(340)] could not read dos header from C:\Program Files (x86)\Google\Chrome\Application\81.0.4044.138\chrome_elf.dll
[0510/215247.183:ERROR:process_memory_win.cc(73)] ReadMemory at 0x7ffdcbef0000 of 64 bytes failed: Only part of a ReadProcessMemory or WriteProcessMemory request was completed. (0x12B)
[0510/215247.183:WARNING:pe_image_reader.cc(340)] could not read dos header from C:\Windows\SYSTEM32\VERSION.dll
[0510/215247.183:ERROR:process_memory_win.cc(73)] ReadMemory at 0x7ffdd7690000 of 64 bytes failed: Only part of a ReadProcessMemory or WriteProcessMemory request was completed. (0x12B)
[0510/215247.183:WARNING:pe_image_reader.cc(340)] could not read dos header from C:\Windows\System32\msvcrt.dll
[0510/215247.183:ERROR:process_memory_win.cc(73)] ReadMemory at 0x7ffdb1ba0000 of 64 bytes failed: Only part of a ReadProcessMemory or WriteProcessMemory request was completed. (0x12B)
[0510/215247.183:WARNING:pe_image_reader.cc(340)] could not read dos header from C:\Program Files\McAfee\Endpoint Security\Threat Prevention\Ips\EpMPApi.dll
[0510/215247.183:ERROR:process_memory_win.cc(73)] ReadMemory at 0x7ffdd5c30000 of 64 bytes failed: Only part of a ReadProcessMemory or WriteProcessMemory request was completed. (0x12B)
[0510/215247.183:WARNING:pe_image_reader.cc(340)] could not read dos header from C:\Windows\System32\RPCRT4.dll
[0510/215247.184:ERROR:process_memory_win.cc(73)] ReadMemory at 0x7ffdd77e0000 of 64 bytes failed: Only part of a ReadProcessMemory or WriteProcessMemory request was completed. (0x12B)
[0510/215247.184:WARNING:pe_image_reader.cc(340)] could not read dos header from C:\Windows\System32\USER32.dll
[0510/215247.184:ERROR:process_memory_win.cc(73)] ReadMemory at 0x7ffdd5a60000 of 64 bytes failed: Only part of a ReadProcessMemory or WriteProcessMemory request was completed. (0x12B)
[0510/215247.184:WARNING:pe_image_reader.cc(340)] could not read dos header from C:\Windows\System32\win32u.dll
[0510/215247.184:ERROR:process_memory_win.cc(73)] ReadMemory at 0x7ffdd6350000 of 64 bytes failed: Only part of a ReadProcessMemory or WriteProcessMemory request was completed. (0x12B)
[0510/215247.184:WARNING:pe_image_reader.cc(340)] could not read dos header from C:\Windows\System32\GDI32.dll
[0510/215247.184:ERROR:process_memory_win.cc(73)] ReadMemory at 0x7ffdd5a90000 of 64 bytes failed: Only part of a ReadProcessMemory or WriteProcessMemory request was completed. (0x12B)
[0510/215247.184:WARNING:pe_image_reader.cc(340)] could not read dos header from C:\Windows\System32\gdi32full.dll
[0510/215247.184:ERROR:process_memory_win.cc(73)] ReadMemory at 0x7ffdd5990000 of 64 bytes failed: Only part of a ReadProcessMemory or WriteProcessMemory request was completed. (0x12B)
[0510/215247.184:WARNING:pe_image_reader.cc(340)] could not read dos header from C:\Windows\System32\msvcp_win.dll
[0510/215247.184:ERROR:process_memory_win.cc(73)] ReadMemory at 0x7ffdd5460000 of 64 bytes failed: Only part of a ReadProcessMemory or WriteProcessMemory request was completed. (0x12B)
[0510/215247.184:WARNING:pe_image_reader.cc(340)] could not read dos header from C:\Windows\System32\ucrtbase.dll
[0510/215247.184:ERROR:process_memory_win.cc(73)] ReadMemory at 0x7ffdd64f0000 of 64 bytes failed: Only part of a ReadProcessMemory or WriteProcessMemory request was completed. (0x12B)
[0510/215247.184:WARNING:pe_image_reader.cc(340)] could not read dos header from C:\Windows\System32\ADVAPI32.dll
[0510/215247.184:ERROR:process_memory_win.cc(73)] ReadMemory at 0x7ffdd6850000 of 64 bytes failed: Only part of a ReadProcessMemory or WriteProcessMemory request was completed. (0x12B)
[0510/215247.184:WARNING:pe_image_reader.cc(340)] could not read dos header from C:\Windows\System32\sechost.dll
[0510/215247.184:ERROR:process_memory_win.cc(73)] ReadMemory at 0x7ffdd5290000 of 64 bytes failed: Only part of a ReadProcessMemory or WriteProcessMemory request was completed. (0x12B)
[0510/215247.184:WARNING:pe_image_reader.cc(340)] could not read dos header from C:\Windows\System32\WINTRUST.dll
[0510/215247.184:ERROR:process_memory_win.cc(73)] ReadMemory at 0x7ffdd4a80000 of 64 bytes failed: Only part of a ReadProcessMemory or WriteProcessMemory request was completed. (0x12B)
[0510/215247.184:WARNING:pe_image_reader.cc(340)] could not read dos header from C:\Windows\System32\MSASN1.dll
[0510/215247.184:ERROR:process_memory_win.cc(73)] ReadMemory at 0x7ffdd5310000 of 64 bytes failed: Only part of a ReadProcessMemory or WriteProcessMemory request was completed. (0x12B)
[0510/215247.184:WARNING:pe_image_reader.cc(340)] could not read dos header from C:\Windows\System32\CRYPT32.dll
[0510/215247.185:ERROR:process_memory_win.cc(73)] ReadMemory at 0x7ffdd7730000 of 64 bytes failed: Only part of a ReadProcessMemory or WriteProcessMemory request was completed. (0x12B)
[0510/215247.185:WARNING:pe_image_reader.cc(340)] could not read dos header from C:\Windows\System32\IMM32.DLL
[0510/215247.185:ERROR:process_memory_win.cc(73)] ReadMemory at 0x5e5a0000 of 64 bytes failed: Only part of a ReadProcessMemory or WriteProcessMemory request was completed. (0x12B)
[0510/215247.185:WARNING:pe_image_reader.cc(340)] could not read dos header from C:\Program Files\McAfee\Endpoint Security\Threat Prevention\Ips\EpMPThe.dll
[0510/215247.185:ERROR:process_memory_win.cc(73)] ReadMemory at 0x7ffdd5810000 of 64 bytes failed: Only part of a ReadProcessMemory or WriteProcessMemory request was completed. (0x12B)
[0510/215247.185:WARNING:pe_image_reader.cc(340)] could not read dos header from C:\Windows\System32\bcryptPrimitives.dll
[0510/215247.185:ERROR:process_memory_win.cc(73)] ReadMemory at 0x7ffd69050000 of 64 bytes failed: Only part of a ReadProcessMemory or WriteProcessMemory request was completed. (0x12B)
[0510/215247.185:WARNING:pe_image_reader.cc(340)] could not read dos header from C:\Program Files (x86)\Google\Chrome\Application\81.0.4044.138\chrome.dll
[0510/215247.185:ERROR:process_memory_win.cc(73)] ReadMemory at 0x7ffdd6be0000 of 64 bytes failed: Only part of a ReadProcessMemory or WriteProcessMemory request was completed. (0x12B)
[0510/215247.185:WARNING:pe_image_reader.cc(340)] could not read dos header from C:\Windows\System32\WS2_32.dll
[0510/215247.185:ERROR:process_memory_win.cc(73)] ReadMemory at 0x7ffdd5d50000 of 64 bytes failed: Only part of a ReadProcessMemory or WriteProcessMemory request was completed. (0x12B)
[0510/215247.185:WARNING:pe_image_reader.cc(340)] could not read dos header from C:\Windows\System32\OLEAUT32.dll
[0510/215247.185:ERROR:process_memory_win.cc(73)] ReadMemory at 0x7ffdd6c50000 of 64 bytes failed: Only part of a ReadProcessMemory or WriteProcessMemory request was completed. (0x12B)
[0510/215247.185:WARNING:pe_image_reader.cc(340)] could not read dos header from C:\Windows\System32\combase.dll
[0510/215247.185:ERROR:process_memory_win.cc(73)] ReadMemory at 0x7ffdd38b0000 of 64 bytes failed: Only part of a ReadProcessMemory or WriteProcessMemory request was completed. (0x12B)
[0510/215247.185:WARNING:pe_image_reader.cc(340)] could not read dos header from C:\Windows\SYSTEM32\IPHLPAPI.DLL
[0510/215247.185:ERROR:process_memory_win.cc(73)] ReadMemory at 0x7ffdd1b10000 of 64 bytes failed: Only part of a ReadProcessMemory or WriteProcessMemory request was completed. (0x12B)
[0510/215247.186:WARNING:pe_image_reader.cc(340)] could not read dos header from C:\Windows\SYSTEM32\WINMM.dll
[0510/215247.186:ERROR:process_memory_win.cc(73)] ReadMemory at 0x7ffdc3dd0000 of 64 bytes failed: Only part of a ReadProcessMemory or WriteProcessMemory request was completed. (0x12B)
[0510/215247.186:WARNING:pe_image_reader.cc(340)] could not read dos header from C:\Windows\SYSTEM32\Secur32.dll
[0510/215247.186:ERROR:process_memory_win.cc(73)] ReadMemory at 0x7ffdd4970000 of 64 bytes failed: Only part of a ReadProcessMemory or WriteProcessMemory request was completed. (0x12B)
[0510/215247.186:WARNING:pe_image_reader.cc(340)] could not read dos header from C:\Windows\SYSTEM32\USERENV.dll
[0510/215247.186:ERROR:process_memory_win.cc(73)] ReadMemory at 0x7ffdd4af0000 of 64 bytes failed: Only part of a ReadProcessMemory or WriteProcessMemory request was completed. (0x12B)
[0510/215247.186:WARNING:pe_image_reader.cc(340)] could not read dos header from C:\Windows\System32\profapi.dll
[0510/215247.186:ERROR:process_memory_win.cc(73)] ReadMemory at 0x7ffdaaf60000 of 64 bytes failed: Only part of a ReadProcessMemory or WriteProcessMemory request was completed. (0x12B)
[0510/215247.186:WARNING:pe_image_reader.cc(340)] could not read dos header from C:\Windows\SYSTEM32\UIAutomationCore.DLL
[0510/215247.186:ERROR:process_memory_win.cc(73)] ReadMemory at 0x7ffdc2900000 of 64 bytes failed: Only part of a ReadProcessMemory or WriteProcessMemory request was completed. (0x12B)
[0510/215247.186:WARNING:pe_image_reader.cc(340)] could not read dos header from C:\Windows\SYSTEM32\DWrite.dll
[0510/215247.186:ERROR:process_memory_win.cc(73)] ReadMemory at 0x7ffdc3a70000 of 64 bytes failed: Only part of a ReadProcessMemory or WriteProcessMemory request was completed. (0x12B)
[0510/215247.186:WARNING:pe_image_reader.cc(340)] could not read dos header from C:\Windows\SYSTEM32\WINSPOOL.DRV
[0510/215247.186:ERROR:process_memory_win.cc(73)] ReadMemory at 0x7ffdd4a60000 of 64 bytes failed: Only part of a ReadProcessMemory or WriteProcessMemory request was completed. (0x12B)
[0510/215247.186:WARNING:pe_image_reader.cc(340)] could not read dos header from C:\Windows\System32\kernel.appcore.dll
[0510/215247.187:ERROR:process_memory_win.cc(73)] ReadMemory at 0x7ffdd5a30000 of 64 bytes failed: Only part of a ReadProcessMemory or WriteProcessMemory request was completed. (0x12B)
[0510/215247.187:WARNING:pe_image_reader.cc(340)] could not read dos header from C:\Windows\System32\bcrypt.dll
[0510/215247.187:ERROR:process_memory_win.cc(73)] ReadMemory at 0x7ffdd4570000 of 64 bytes failed: Only part of a ReadProcessMemory or WriteProcessMemory request was completed. (0x12B)
[0510/215247.187:WARNING:pe_image_reader.cc(340)] could not read dos header from C:\Windows\SYSTEM32\dbghelp.dll
[0510/215247.187:ERROR:process_memory_win.cc(73)] ReadMemory at 0x7ffdcd7a0000 of 64 bytes failed: Only part of a ReadProcessMemory or WriteProcessMemory request was completed. (0x12B)
[0510/215247.187:WARNING:pe_image_reader.cc(340)] could not read dos header from C:\Windows\SYSTEM32\WINHTTP.dll
[0510/215247.187:ERROR:process_memory_win.cc(73)] ReadMemory at 0x7ffdcce50000 of 64 bytes failed: Only part of a ReadProcessMemory or WriteProcessMemory request was completed. (0x12B)
[0510/215247.187:WARNING:pe_image_reader.cc(340)] could not read dos header from C:\Windows\SYSTEM32\dhcpcsvc.DLL
[0510/215247.187:ERROR:process_memory_win.cc(73)] ReadMemory at 0x7ffdd6f90000 of 64 bytes failed: Only part of a ReadProcessMemory or WriteProcessMemory request was completed. (0x12B)
[0510/215247.187:WARNING:pe_image_reader.cc(340)] could not read dos header from C:\Windows\System32\NSI.dll
[0510/215247.187:ERROR:process_memory_win.cc(73)] ReadMemory at 0x7ffdd1ae0000 of 64 bytes failed: Only part of a ReadProcessMemory or WriteProcessMemory request was completed. (0x12B)
[0510/215247.187:WARNING:pe_image_reader.cc(340)] could not read dos header from C:\Windows\SYSTEM32\WINMMBASE.dll
[0510/215247.187:ERROR:process_memory_win.cc(73)] ReadMemory at 0x7ffdd5890000 of 64 bytes failed: Only part of a ReadProcessMemory or WriteProcessMemory request was completed. (0x12B)
[0510/215247.187:WARNING:pe_image_reader.cc(340)] could not read dos header from C:\Windows\System32\cfgmgr32.dll
[0510/215247.187:ERROR:process_memory_win.cc(73)] ReadMemory at 0x7ffdcfbd0000 of 64 bytes failed: Only part of a ReadProcessMemory or WriteProcessMemory request was completed. (0x12B)
[0510/215247.187:WARNING:pe_image_reader.cc(340)] could not read dos header from C:\Windows\SYSTEM32\PROPSYS.dll
[0510/215247.187:ERROR:process_memory_win.cc(73)] ReadMemory at 0x1d7a8d60000 of 64 bytes failed: Only part of a ReadProcessMemory or WriteProcessMemory request was completed. (0x12B)
[0510/215247.187:WARNING:pe_image_reader.cc(340)] could not read dos header from C:\Windows\System32\shcore.dll
[0510/215247.187:ERROR:process_memory_win.cc(73)] ReadMemory at 0x7ffdd4940000 of 64 bytes failed: Only part of a ReadProcessMemory or WriteProcessMemory request was completed. (0x12B)
[0510/215247.187:WARNING:pe_image_reader.cc(340)] could not read dos header from C:\Windows\SYSTEM32\SSPICLI.DLL
[0510/215247.187:ERROR:process_memory_win.cc(73)] ReadMemory at 0x7ffdd3d10000 of 64 bytes failed: Only part of a ReadProcessMemory or WriteProcessMemory request was completed. (0x12B)
[0510/215247.188:WARNING:pe_image_reader.cc(340)] could not read dos header from C:\Windows\SYSTEM32\CRYPTBASE.DLL
[0510/215247.188:ERROR:process_memory_win.cc(73)] ReadMemory at 0x7ff78e440000 of 64 bytes failed: Only part of a ReadProcessMemory or WriteProcessMemory request was completed. (0x12B)
[0510/215247.188:WARNING:pe_image_reader.cc(340)] could not read dos header from C:\Program Files (x86)\Google\Chrome\Application\chrome.exe
[0510/215247.188:ERROR:process_memory_win.cc(73)] ReadMemory at 0x7ffdd7b80000 of 64 bytes failed: Only part of a ReadProcessMemory or WriteProcessMemory request was completed. (0x12B)
[0510/215247.188:WARNING:pe_image_reader.cc(340)] could not read dos header from C:\Windows\SYSTEM32\ntdll.dll
[0510/215247.188:ERROR:process_memory_win.cc(73)] ReadMemory at 0x7ffdd6380000 of 64 bytes failed: Only part of a ReadProcessMemory or WriteProcessMemory request was completed. (0x12B)
[0510/215247.188:WARNING:pe_image_reader.cc(340)] could not read dos header from C:\Windows\System32\KERNEL32.DLL
[0510/215247.188:ERROR:process_memory_win.cc(73)] ReadMemory at 0x7ffdd5560000 of 64 bytes failed: Only part of a ReadProcessMemory or WriteProcessMemory request was completed. (0x12B)
[0510/215247.188:WARNING:pe_image_reader.cc(340)] could not read dos header from C:\Windows\System32\KERNELBASE.dll
[0510/215247.188:ERROR:process_memory_win.cc(73)] ReadMemory at 0x7ffdb1f50000 of 64 bytes failed: Only part of a ReadProcessMemory or WriteProcessMemory request was completed. (0x12B)
[0510/215247.188:WARNING:pe_image_reader.cc(340)] could not read dos header from C:\Program Files (x86)\Google\Chrome\Application\81.0.4044.138\chrome_elf.dll
[0510/215247.188:ERROR:process_memory_win.cc(73)] ReadMemory at 0x7ffdcbef0000 of 64 bytes failed: Only part of a ReadProcessMemory or WriteProcessMemory request was completed. (0x12B)
[0510/215247.188:WARNING:pe_image_reader.cc(340)] could not read dos header from C:\Windows\SYSTEM32\VERSION.dll
[0510/215247.188:ERROR:process_memory_win.cc(73)] ReadMemory at 0x7ffdd7690000 of 64 bytes failed: Only part of a ReadProcessMemory or WriteProcessMemory request was completed. (0x12B)
[0510/215247.188:WARNING:pe_image_reader.cc(340)] could not read dos header from C:\Windows\System32\msvcrt.dll
[0510/215247.188:ERROR:process_memory_win.cc(73)] ReadMemory at 0x7ffdb1ba0000 of 64 bytes failed: Only part of a ReadProcessMemory or WriteProcessMemory request was completed. (0x12B)
[0510/215247.188:WARNING:pe_image_reader.cc(340)] could not read dos header from C:\Program Files\McAfee\Endpoint Security\Threat Prevention\Ips\EpMPApi.dll
[0510/215247.188:ERROR:process_memory_win.cc(73)] ReadMemory at 0x7ffdd5c30000 of 64 bytes failed: Only part of a ReadProcessMemory or WriteProcessMemory request was completed. (0x12B)
[0510/215247.188:WARNING:pe_image_reader.cc(340)] could not read dos header from C:\Windows\System32\RPCRT4.dll
[0510/215247.189:ERROR:process_memory_win.cc(73)] ReadMemory at 0x7ffdd77e0000 of 64 bytes failed: Only part of a ReadProcessMemory or WriteProcessMemory request was completed. (0x12B)
[0510/215247.189:WARNING:pe_image_reader.cc(340)] could not read dos header from C:\Windows\System32\USER32.dll
[0510/215247.189:ERROR:process_memory_win.cc(73)] ReadMemory at 0x7ffdd5a60000 of 64 bytes failed: Only part of a ReadProcessMemory or WriteProcessMemory request was completed. (0x12B)
[0510/215247.189:WARNING:pe_image_reader.cc(340)] could not read dos header from C:\Windows\System32\win32u.dll
[0510/215247.189:ERROR:process_memory_win.cc(73)] ReadMemory at 0x7ffdd6350000 of 64 bytes failed: Only part of a ReadProcessMemory or WriteProcessMemory request was completed. (0x12B)
[0510/215247.189:WARNING:pe_image_reader.cc(340)] could not read dos header from C:\Windows\System32\GDI32.dll
[0510/215247.189:ERROR:process_memory_win.cc(73)] ReadMemory at 0x7ffdd5a90000 of 64 bytes failed: Only part of a ReadProcessMemory or WriteProcessMemory request was completed. (0x12B)
[0510/215247.189:WARNING:pe_image_reader.cc(340)] could not read dos header from C:\Windows\System32\gdi32full.dll
[0510/215247.189:ERROR:process_memory_win.cc(73)] ReadMemory at 0x7ffdd5990000 of 64 bytes failed: Only part of a ReadProcessMemory or WriteProcessMemory request was completed. (0x12B)
[0510/215247.189:WARNING:pe_image_reader.cc(340)] could not read dos header from C:\Windows\System32\msvcp_win.dll
[0510/215247.189:ERROR:process_memory_win.cc(73)] ReadMemory at 0x7ffdd5460000 of 64 bytes failed: Only part of a ReadProcessMemory or WriteProcessMemory request was completed. (0x12B)
[0510/215247.189:WARNING:pe_image_reader.cc(340)] could not read dos header from C:\Windows\System32\ucrtbase.dll
[0510/215247.189:ERROR:process_memory_win.cc(73)] ReadMemory at 0x7ffdd64f0000 of 64 bytes failed: Only part of a ReadProcessMemory or WriteProcessMemory request was completed. (0x12B)
[0510/215247.189:WARNING:pe_image_reader.cc(340)] could not read dos header from C:\Windows\System32\ADVAPI32.dll
[0510/215247.189:ERROR:process_memory_win.cc(73)] ReadMemory at 0x7ffdd6850000 of 64 bytes failed: Only part of a ReadProcessMemory or WriteProcessMemory request was completed. (0x12B)
[0510/215247.190:WARNING:pe_image_reader.cc(340)] could not read dos header from C:\Windows\System32\sechost.dll
[0510/215247.190:ERROR:process_memory_win.cc(73)] ReadMemory at 0x7ffdd5290000 of 64 bytes failed: Only part of a ReadProcessMemory or WriteProcessMemory request was completed. (0x12B)
[0510/215247.190:WARNING:pe_image_reader.cc(340)] could not read dos header from C:\Windows\System32\WINTRUST.dll
[0510/215247.190:ERROR:process_memory_win.cc(73)] ReadMemory at 0x7ffdd4a80000 of 64 bytes failed: Only part of a ReadProcessMemory or WriteProcessMemory request was completed. (0x12B)
[0510/215247.190:WARNING:pe_image_reader.cc(340)] could not read dos header from C:\Windows\System32\MSASN1.dll
[0510/215247.190:ERROR:process_memory_win.cc(73)] ReadMemory at 0x7ffdd5310000 of 64 bytes failed: Only part of a ReadProcessMemory or WriteProcessMemory request was completed. (0x12B)
[0510/215247.190:WARNING:pe_image_reader.cc(340)] could not read dos header from C:\Windows\System32\CRYPT32.dll
[0510/215247.190:ERROR:process_memory_win.cc(73)] ReadMemory at 0x7ffdd7730000 of 64 bytes failed: Only part of a ReadProcessMemory or WriteProcessMemory request was completed. (0x12B)
[0510/215247.190:WARNING:pe_image_reader.cc(340)] could not read dos header from C:\Windows\System32\IMM32.DLL
[0510/215247.190:ERROR:process_memory_win.cc(73)] ReadMemory at 0x5e5a0000 of 64 bytes failed: Only part of a ReadProcessMemory or WriteProcessMemory request was completed. (0x12B)
[0510/215247.190:WARNING:pe_image_reader.cc(340)] could not read dos header from C:\Program Files\McAfee\Endpoint Security\Threat Prevention\Ips\EpMPThe.dll
[0510/215247.190:ERROR:process_memory_win.cc(73)] ReadMemory at 0x7ffdd5810000 of 64 bytes failed: Only part of a ReadProcessMemory or WriteProcessMemory request was completed. (0x12B)
[0510/215247.190:WARNING:pe_image_reader.cc(340)] could not read dos header from C:\Windows\System32\bcryptPrimitives.dll
[0510/215247.191:ERROR:process_memory_win.cc(73)] ReadMemory at 0x7ffd69050000 of 64 bytes failed: Only part of a ReadProcessMemory or WriteProcessMemory request was completed. (0x12B)
[0510/215247.191:WARNING:pe_image_reader.cc(340)] could not read dos header from C:\Program Files (x86)\Google\Chrome\Application\81.0.4044.138\chrome.dll
[0510/215247.191:ERROR:process_memory_win.cc(73)] ReadMemory at 0x7ffdd6be0000 of 64 bytes failed: Only part of a ReadProcessMemory or WriteProcessMemory request was completed. (0x12B)
[0510/215247.191:WARNING:pe_image_reader.cc(340)] could not read dos header from C:\Windows\System32\WS2_32.dll
[0510/215247.191:ERROR:process_memory_win.cc(73)] ReadMemory at 0x7ffdd5d50000 of 64 bytes failed: Only part of a ReadProcessMemory or WriteProcessMemory request was completed. (0x12B)
[0510/215247.191:WARNING:pe_image_reader.cc(340)] could not read dos header from C:\Windows\System32\OLEAUT32.dll
[0510/215247.191:ERROR:process_memory_win.cc(73)] ReadMemory at 0x7ffdd6c50000 of 64 bytes failed: Only part of a ReadProcessMemory or WriteProcessMemory request was completed. (0x12B)
[0510/215247.191:WARNING:pe_image_reader.cc(340)] could not read dos header from C:\Windows\System32\combase.dll
[0510/215247.191:ERROR:process_memory_win.cc(73)] ReadMemory at 0x7ffdd38b0000 of 64 bytes failed: Only part of a ReadProcessMemory or WriteProcessMemory request was completed. (0x12B)
[0510/215247.191:WARNING:pe_image_reader.cc(340)] could not read dos header from C:\Windows\SYSTEM32\IPHLPAPI.DLL
[0510/215247.191:ERROR:process_memory_win.cc(73)] ReadMemory at 0x7ffdd1b10000 of 64 bytes failed: Only part of a ReadProcessMemory or WriteProcessMemory request was completed. (0x12B)
[0510/215247.191:WARNING:pe_image_reader.cc(340)] could not read dos header from C:\Windows\SYSTEM32\WINMM.dll
[0510/215247.191:ERROR:process_memory_win.cc(73)] ReadMemory at 0x7ffdc3dd0000 of 64 bytes failed: Only part of a ReadProcessMemory or WriteProcessMemory request was completed. (0x12B)
[0510/215247.191:WARNING:pe_image_reader.cc(340)] could not read dos header from C:\Windows\SYSTEM32\Secur32.dll
[0510/215247.191:ERROR:process_memory_win.cc(73)] ReadMemory at 0x7ffdd4970000 of 64 bytes failed: Only part of a ReadProcessMemory or WriteProcessMemory request was completed. (0x12B)
[0510/215247.192:WARNING:pe_image_reader.cc(340)] could not read dos header from C:\Windows\SYSTEM32\USERENV.dll
[0510/215247.192:ERROR:process_memory_win.cc(73)] ReadMemory at 0x7ffdd4af0000 of 64 bytes failed: Only part of a ReadProcessMemory or WriteProcessMemory request was completed. (0x12B)
[0510/215247.192:WARNING:pe_image_reader.cc(340)] could not read dos header from C:\Windows\System32\profapi.dll
[0510/215247.192:ERROR:process_memory_win.cc(73)] ReadMemory at 0x7ffdaaf60000 of 64 bytes failed: Only part of a ReadProcessMemory or WriteProcessMemory request was completed. (0x12B)
[0510/215247.192:WARNING:pe_image_reader.cc(340)] could not read dos header from C:\Windows\SYSTEM32\UIAutomationCore.DLL
[0510/215247.192:ERROR:process_memory_win.cc(73)] ReadMemory at 0x7ffdc2900000 of 64 bytes failed: Only part of a ReadProcessMemory or WriteProcessMemory request was completed. (0x12B)
[0510/215247.192:WARNING:pe_image_reader.cc(340)] could not read dos header from C:\Windows\SYSTEM32\DWrite.dll
[0510/215247.192:ERROR:process_memory_win.cc(73)] ReadMemory at 0x7ffdc3a70000 of 64 bytes failed: Only part of a ReadProcessMemory or WriteProcessMemory request was completed. (0x12B)
[0510/215247.192:WARNING:pe_image_reader.cc(340)] could not read dos header from C:\Windows\SYSTEM32\WINSPOOL.DRV
[0510/215247.192:ERROR:process_memory_win.cc(73)] ReadMemory at 0x7ffdd4a60000 of 64 bytes failed: Only part of a ReadProcessMemory or WriteProcessMemory request was completed. (0x12B)
[0510/215247.192:WARNING:pe_image_reader.cc(340)] could not read dos header from C:\Windows\System32\kernel.appcore.dll
[0510/215247.192:ERROR:process_memory_win.cc(73)] ReadMemory at 0x7ffdd5a30000 of 64 bytes failed: Only part of a ReadProcessMemory or WriteProcessMemory request was completed. (0x12B)
[0510/215247.192:WARNING:pe_image_reader.cc(340)] could not read dos header from C:\Windows\System32\bcrypt.dll
[0510/215247.192:ERROR:process_memory_win.cc(73)] ReadMemory at 0x7ffdd4570000 of 64 bytes failed: Only part of a ReadProcessMemory or WriteProcessMemory request was completed. (0x12B)
[0510/215247.193:WARNING:pe_image_reader.cc(340)] could not read dos header from C:\Windows\SYSTEM32\dbghelp.dll
[0510/215247.193:ERROR:process_memory_win.cc(73)] ReadMemory at 0x7ffdcd7a0000 of 64 bytes failed: Only part of a ReadProcessMemory or WriteProcessMemory request was completed. (0x12B)
[0510/215247.193:WARNING:pe_image_reader.cc(340)] could not read dos header from C:\Windows\SYSTEM32\WINHTTP.dll
[0510/215247.193:ERROR:process_memory_win.cc(73)] ReadMemory at 0x7ffdcce50000 of 64 bytes failed: Only part of a ReadProcessMemory or WriteProcessMemory request was completed. (0x12B)
[0510/215247.193:WARNING:pe_image_reader.cc(340)] could not read dos header from C:\Windows\SYSTEM32\dhcpcsvc.DLL
[0510/215247.193:ERROR:process_memory_win.cc(73)] ReadMemory at 0x7ffdd6f90000 of 64 bytes failed: Only part of a ReadProcessMemory or WriteProcessMemory request was completed. (0x12B)
[0510/215247.193:WARNING:pe_image_reader.cc(340)] could not read dos header from C:\Windows\System32\NSI.dll
[0510/215247.193:ERROR:process_memory_win.cc(73)] ReadMemory at 0x7ffdd1ae0000 of 64 bytes failed: Only part of a ReadProcessMemory or WriteProcessMemory request was completed. (0x12B)
[0510/215247.193:WARNING:pe_image_reader.cc(340)] could not read dos header from C:\Windows\SYSTEM32\WINMMBASE.dll
[0510/215247.193:ERROR:process_memory_win.cc(73)] ReadMemory at 0x7ffdd5890000 of 64 bytes failed: Only part of a ReadProcessMemory or WriteProcessMemory request was completed. (0x12B)
[0510/215247.193:WARNING:pe_image_reader.cc(340)] could not read dos header from C:\Windows\System32\cfgmgr32.dll
[0510/215247.193:ERROR:process_memory_win.cc(73)] ReadMemory at 0x7ffdcfbd0000 of 64 bytes failed: Only part of a ReadProcessMemory or WriteProcessMemory request was completed. (0x12B)
[0510/215247.193:WARNING:pe_image_reader.cc(340)] could not read dos header from C:\Windows\SYSTEM32\PROPSYS.dll
[0510/215247.194:ERROR:process_memory_win.cc(73)] ReadMemory at 0x1d7a8d60000 of 64 bytes failed: Only part of a ReadProcessMemory or WriteProcessMemory request was completed. (0x12B)
[0510/215247.194:WARNING:pe_image_reader.cc(340)] could not read dos header from C:\Windows\System32\shcore.dll
[0510/215247.194:ERROR:process_memory_win.cc(73)] ReadMemory at 0x7ffdd4940000 of 64 bytes failed: Only part of a ReadProcessMemory or WriteProcessMemory request was completed. (0x12B)
[0510/215247.194:WARNING:pe_image_reader.cc(340)] could not read dos header from C:\Windows\SYSTEM32\SSPICLI.DLL
[0510/215247.194:ERROR:process_memory_win.cc(73)] ReadMemory at 0x7ffdd3d10000 of 64 bytes failed: Only part of a ReadProcessMemory or WriteProcessMemory request was completed. (0x12B)
[0510/215247.194:WARNING:pe_image_reader.cc(340)] could not read dos header from C:\Windows\SYSTEM32\CRYPTBASE.DLL
[0510/215247.212:ERROR:process_memory_win.cc(73)] ReadMemory at 0x2a1e5ef000 of 69632 bytes failed: Only part of a ReadProcessMemory or WriteProcessMemory request was completed. (0x12B)
[0510/215247.212:ERROR:process_memory_win.cc(73)] ReadMemory at 0x2a1edfd000 of 12288 bytes failed: Only part of a ReadProcessMemory or WriteProcessMemory request was completed. (0x12B)
[0510/215247.212:ERROR:process_memory_win.cc(73)] ReadMemory at 0x2a1f5fd000 of 12288 bytes failed: Only part of a ReadProcessMemory or WriteProcessMemory request was completed. (0x12B)
[0510/215247.212:ERROR:process_memory_win.cc(73)] ReadMemory at 0x2a1fdfd000 of 12288 bytes failed: Only part of a ReadProcessMemory or WriteProcessMemory request was completed. (0x12B)
[0510/215247.212:ERROR:process_memory_win.cc(73)] ReadMemory at 0x2a205fc000 of 16384 bytes failed: Only part of a ReadProcessMemory or WriteProcessMemory request was completed. (0x12B)
[0510/215247.213:ERROR:process_memory_win.cc(73)] ReadMemory at 0x2a20dff000 of 4096 bytes failed: Only part of a ReadProcessMemory or WriteProcessMemory request was completed. (0x12B)
[0510/215247.213:ERROR:process_memory_win.cc(73)] ReadMemory at 0x2a215fd000 of 12288 bytes failed: Only part of a ReadProcessMemory or WriteProcessMemory request was completed. (0x12B)
[0510/215247.213:ERROR:process_memory_win.cc(73)] ReadMemory at 0x2a21dfb000 of 20480 bytes failed: Only part of a ReadProcessMemory or WriteProcessMemory request was completed. (0x12B)
[0510/215247.213:ERROR:process_memory_win.cc(73)] ReadMemory at 0x2a225fd000 of 12288 bytes failed: Only part of a ReadProcessMemory or WriteProcessMemory request was completed. (0x12B)
[0510/215247.213:ERROR:process_memory_win.cc(73)] ReadMemory at 0x2a22dfd000 of 12288 bytes failed: Only part of a ReadProcessMemory or WriteProcessMemory request was completed. (0x12B)
[0510/215247.213:ERROR:process_memory_win.cc(73)] ReadMemory at 0x2a235fd000 of 12288 bytes failed: Only part of a ReadProcessMemory or WriteProcessMemory request was completed. (0x12B)
[0510/215247.214:ERROR:process_memory_win.cc(73)] ReadMemory at 0x2a23dfd000 of 12288 bytes failed: Only part of a ReadProcessMemory or WriteProcessMemory request was completed. (0x12B)
[0510/215247.214:ERROR:process_memory_win.cc(73)] ReadMemory at 0x2a245fd000 of 12288 bytes failed: Only part of a ReadProcessMemory or WriteProcessMemory request was completed. (0x12B)
[0510/215247.214:ERROR:process_memory_win.cc(73)] ReadMemory at 0x2a24dfd000 of 12288 bytes failed: Only part of a ReadProcessMemory or WriteProcessMemory request was completed. (0x12B)
[0510/215247.214:ERROR:process_memory_win.cc(73)] ReadMemory at 0x2a255fd000 of 12288 bytes failed: Only part of a ReadProcessMemory or WriteProcessMemory request was completed. (0x12B)
[0510/215247.214:ERROR:process_memory_win.cc(73)] ReadMemory at 0x2a25dfd000 of 12288 bytes failed: Only part of a ReadProcessMemory or WriteProcessMemory request was completed. (0x12B)
[0510/215247.214:ERROR:process_memory_win.cc(73)] ReadMemory at 0x2a1dc74000 of 852 bytes failed: Only part of a ReadProcessMemory or WriteProcessMemory request was completed. (0x12B)
[0510/215247.214:ERROR:process_memory_win.cc(73)] ReadMemory at 0x2a1dc75000 of 6024 bytes failed: Only part of a ReadProcessMemory or WriteProcessMemory request was completed. (0x12B)
[0510/215247.215:ERROR:process_memory_win.cc(73)] ReadMemory at 0x2a1dc77000 of 6024 bytes failed: Only part of a ReadProcessMemory or WriteProcessMemory request was completed. (0x12B)
[0510/215247.215:ERROR:process_memory_win.cc(73)] ReadMemory at 0x2a1dc79000 of 6024 bytes failed: Only part of a ReadProcessMemory or WriteProcessMemory request was completed. (0x12B)
[0510/215247.215:ERROR:process_memory_win.cc(73)] ReadMemory at 0x2a1dc7b000 of 6024 bytes failed: Only part of a ReadProcessMemory or WriteProcessMemory request was completed. (0x12B)
[0510/215247.215:ERROR:process_memory_win.cc(73)] ReadMemory at 0x2a1dc7d000 of 6024 bytes failed: Only part of a ReadProcessMemory or WriteProcessMemory request was completed. (0x12B)
[0510/215247.215:ERROR:process_memory_win.cc(73)] ReadMemory at 0x2a1dc7f000 of 6024 bytes failed: Only part of a ReadProcessMemory or WriteProcessMemory request was completed. (0x12B)
[0510/215247.215:ERROR:process_memory_win.cc(73)] ReadMemory at 0x2a1dc81000 of 6024 bytes failed: Only part of a ReadProcessMemory or WriteProcessMemory request was completed. (0x12B)
[0510/215247.215:ERROR:process_memory_win.cc(73)] ReadMemory at 0x2a1dc83000 of 6024 bytes failed: Only part of a ReadProcessMemory or WriteProcessMemory request was completed. (0x12B)
[0510/215247.215:ERROR:process_memory_win.cc(73)] ReadMemory at 0x2a1dc85000 of 6024 bytes failed: Only part of a ReadProcessMemory or WriteProcessMemory request was completed. (0x12B)
[0510/215247.216:ERROR:process_memory_win.cc(73)] ReadMemory at 0x2a1dc87000 of 6024 bytes failed: Only part of a ReadProcessMemory or WriteProcessMemory request was completed. (0x12B)
[0510/215247.216:ERROR:process_memory_win.cc(73)] ReadMemory at 0x2a1dc89000 of 6024 bytes failed: Only part of a ReadProcessMemory or WriteProcessMemory request was completed. (0x12B)
[0510/215247.216:ERROR:process_memory_win.cc(73)] ReadMemory at 0x2a1dc8b000 of 6024 bytes failed: Only part of a ReadProcessMemory or WriteProcessMemory request was completed. (0x12B)
[0510/215247.216:ERROR:process_memory_win.cc(73)] ReadMemory at 0x2a1dc8d000 of 6024 bytes failed: Only part of a ReadProcessMemory or WriteProcessMemory request was completed. (0x12B)
[0510/215247.216:ERROR:process_memory_win.cc(73)] ReadMemory at 0x2a1dc8f000 of 6024 bytes failed: Only part of a ReadProcessMemory or WriteProcessMemory request was completed. (0x12B)
[0510/215247.216:ERROR:process_memory_win.cc(73)] ReadMemory at 0x2a1dc91000 of 6024 bytes failed: Only part of a ReadProcessMemory or WriteProcessMemory request was completed. (0x12B)
[0510/215247.216:ERROR:process_memory_win.cc(73)] ReadMemory at 0x2a1dc93000 of 6024 bytes failed: Only part of a ReadProcessMemory or WriteProcessMemory request was completed. (0x12B)
[0510/215247.216:ERROR:process_memory_win.cc(73)] ReadMemory at 0x1d7a8550750 of 58 bytes failed: Only part of a ReadProcessMemory or WriteProcessMemory request was completed. (0x12B)
[0510/215247.217:ERROR:process_memory_win.cc(73)] ReadMemory at 0x1d7a8550fe0 of 5604 bytes failed: Only part of a ReadProcessMemory or WriteProcessMemory request was completed. (0x12B)
[0510/215247.217:ERROR:process_memory_win.cc(73)] ReadMemory at 0x1d7a85525d0 of 1012 bytes failed: Only part of a ReadProcessMemory or WriteProcessMemory request was completed. (0x12B)
[0510/215247.217:ERROR:process_memory_win.cc(73)] ReadMemory at 0x1d7a8552c18 of 118 bytes failed: Only part of a ReadProcessMemory or WriteProcessMemory request was completed. (0x12B)
[0510/215247.217:ERROR:process_memory_win.cc(73)] ReadMemory at 0x1d7a8552c90 of 762 bytes failed: Only part of a ReadProcessMemory or WriteProcessMemory request was completed. (0x12B)
[0510/215247.217:ERROR:process_memory_win.cc(73)] ReadMemory at 0x1d7a8552f8c of 118 bytes failed: Only part of a ReadProcessMemory or WriteProcessMemory request was completed. (0x12B)
[0510/215247.218:ERROR:process_memory_win.cc(73)] ReadMemory at 0x1d7a8553004 of 100 bytes failed: Only part of a ReadProcessMemory or WriteProcessMemory request was completed. (0x12B)
[0510/215247.218:ERROR:process_memory_win.cc(73)] ReadMemory at 0x1d7a8553080 of 58 bytes failed: Only part of a ReadProcessMemory or WriteProcessMemory request was completed. (0x12B)
[0510/215247.218:ERROR:process_memory_win.cc(73)] ReadMemory at 0x1d7a8553180 of 132 bytes failed: Only part of a ReadProcessMemory or WriteProcessMemory request was completed. (0x12B)
[0510/215247.218:ERROR:process_memory_win.cc(73)] ReadMemory at 0x1d7a8553310 of 132 bytes failed: Only part of a ReadProcessMemory or WriteProcessMemory request was completed. (0x12B)
[0510/215247.218:ERROR:process_memory_win.cc(73)] ReadMemory at 0x1d7a85534d0 of 126 bytes failed: Only part of a ReadProcessMemory or WriteProcessMemory request was completed. (0x12B)
[0510/215247.218:ERROR:process_memory_win.cc(73)] ReadMemory at 0x1d7a85538b0 of 132 bytes failed: Only part of a ReadProcessMemory or WriteProcessMemory request was completed. (0x12B)
[0510/215247.218:ERROR:process_memory_win.cc(73)] ReadMemory at 0x1d7a8553a40 of 64 bytes failed: Only part of a ReadProcessMemory or WriteProcessMemory request was completed. (0x12B)
[0510/215247.219:ERROR:process_memory_win.cc(73)] ReadMemory at 0x1d7a8553c00 of 132 bytes failed: Only part of a ReadProcessMemory or WriteProcessMemory request was completed. (0x12B)
[0510/215247.219:ERROR:process_memory_win.cc(73)] ReadMemory at 0x1d7a8553ea0 of 132 bytes failed: Only part of a ReadProcessMemory or WriteProcessMemory request was completed. (0x12B)
[0510/215247.219:ERROR:process_memory_win.cc(73)] ReadMemory at 0x1d7a8554030 of 68 bytes failed: Only part of a ReadProcessMemory or WriteProcessMemory request was completed. (0x12B)
[0510/215247.219:ERROR:process_memory_win.cc(73)] ReadMemory at 0x1d7a8555080 of 60 bytes failed: Only part of a ReadProcessMemory or WriteProcessMemory request was completed. (0x12B)
[0510/215247.219:ERROR:process_memory_win.cc(73)] ReadMemory at 0x1d7a8555100 of 132 bytes failed: Only part of a ReadProcessMemory or WriteProcessMemory request was completed. (0x12B)
[0510/215247.219:ERROR:process_memory_win.cc(73)] ReadMemory at 0x1d7a8555290 of 154 bytes failed: Only part of a ReadProcessMemory or WriteProcessMemory request was completed. (0x12B)
[0510/215247.219:ERROR:process_memory_win.cc(73)] ReadMemory at 0x1d7a8555fd0 of 150 bytes failed: Only part of a ReadProcessMemory or WriteProcessMemory request was completed. (0x12B)
[0510/215247.219:ERROR:process_memory_win.cc(73)] ReadMemory at 0x1d7a8556090 of 62 bytes failed: Only part of a ReadProcessMemory or WriteProcessMemory request was completed. (0x12B)
[0510/215247.220:ERROR:process_memory_win.cc(73)] ReadMemory at 0x1d7a8556110 of 146 bytes failed: Only part of a ReadProcessMemory or WriteProcessMemory request was completed. (0x12B)
[0510/215247.220:ERROR:process_memory_win.cc(73)] ReadMemory at 0x1d7a85561f0 of 132 bytes failed: Only part of a ReadProcessMemory or WriteProcessMemory request was completed. (0x12B)
[0510/215247.220:ERROR:process_memory_win.cc(73)] ReadMemory at 0x1d7a8556380 of 60 bytes failed: Only part of a ReadProcessMemory or WriteProcessMemory request was completed. (0x12B)
[0510/215247.220:ERROR:process_memory_win.cc(73)] ReadMemory at 0x1d7a8557bc0 of 132 bytes failed: Only part of a ReadProcessMemory or WriteProcessMemory request was completed. (0x12B)
[0510/215247.220:ERROR:process_memory_win.cc(73)] ReadMemory at 0x1d7a8557cf0 of 132 bytes failed: Only part of a ReadProcessMemory or WriteProcessMemory request was completed. (0x12B)
[0510/215247.220:ERROR:process_memory_win.cc(73)] ReadMemory at 0x1d7a8557fe0 of 132 bytes failed: Only part of a ReadProcessMemory or WriteProcessMemory request was completed. (0x12B)
[0510/215247.221:ERROR:process_memory_win.cc(73)] ReadMemory at 0x1d7a8558170 of 60 bytes failed: Only part of a ReadProcessMemory or WriteProcessMemory request was completed. (0x12B)
[0510/215247.221:ERROR:process_memory_win.cc(73)] ReadMemory at 0x1d7a85583e0 of 132 bytes failed: Only part of a ReadProcessMemory or WriteProcessMemory request was completed. (0x12B)
[0510/215247.221:ERROR:process_memory_win.cc(73)] ReadMemory at 0x1d7a8558570 of 60 bytes failed: Only part of a ReadProcessMemory or WriteProcessMemory request was completed. (0x12B)
[0510/215247.221:ERROR:process_memory_win.cc(73)] ReadMemory at 0x1d7a85586d0 of 132 bytes failed: Only part of a ReadProcessMemory or WriteProcessMemory request was completed. (0x12B)
[0510/215247.221:ERROR:process_memory_win.cc(73)] ReadMemory at 0x1d7a855ae60 of 132 bytes failed: Only part of a ReadProcessMemory or WriteProcessMemory request was completed. (0x12B)
[0510/215247.221:ERROR:process_memory_win.cc(73)] ReadMemory at 0x1d7a855aff0 of 66 bytes failed: Only part of a ReadProcessMemory or WriteProcessMemory request was completed. (0x12B)
[0510/215247.221:ERROR:process_memory_win.cc(73)] ReadMemory at 0x1d7a855b2b0 of 132 bytes failed: Only part of a ReadProcessMemory or WriteProcessMemory request was completed. (0x12B)
[0510/215247.221:ERROR:process_memory_win.cc(73)] ReadMemory at 0x1d7a855c0e0 of 62 bytes failed: Only part of a ReadProcessMemory or WriteProcessMemory request was completed. (0x12B)
[0510/215247.222:ERROR:process_memory_win.cc(73)] ReadMemory at 0x1d7a855c1d0 of 64 bytes failed: Only part of a ReadProcessMemory or WriteProcessMemory request was completed. (0x12B)
[0510/215247.222:ERROR:process_memory_win.cc(73)] ReadMemory at 0x1d7a855c220 of 60 bytes failed: Only part of a ReadProcessMemory or WriteProcessMemory request was completed. (0x12B)
[0510/215247.222:ERROR:process_memory_win.cc(73)] ReadMemory at 0x1d7a855c3b0 of 62 bytes failed: Only part of a ReadProcessMemory or WriteProcessMemory request was completed. (0x12B)
[0510/215247.222:ERROR:process_memory_win.cc(73)] ReadMemory at 0x1d7a855c4a0 of 64 bytes failed: Only part of a ReadProcessMemory or WriteProcessMemory request was completed. (0x12B)
[0510/215247.222:ERROR:process_memory_win.cc(73)] ReadMemory at 0x1d7a855c4f0 of 66 bytes failed: Only part of a ReadProcessMemory or WriteProcessMemory request was completed. (0x12B)
[0510/215247.222:ERROR:process_memory_win.cc(73)] ReadMemory at 0x1d7a855c540 of 64 bytes failed: Only part of a ReadProcessMemory or WriteProcessMemory request was completed. (0x12B)
[0510/215247.222:ERROR:process_memory_win.cc(73)] ReadMemory at 0x1d7a855c630 of 58 bytes failed: Only part of a ReadProcessMemory or WriteProcessMemory request was completed. (0x12B)
[0510/215247.223:ERROR:process_memory_win.cc(73)] ReadMemory at 0x1d7a855c800 of 150 bytes failed: Only part of a ReadProcessMemory or WriteProcessMemory request was completed. (0x12B)
[0510/215247.223:ERROR:process_memory_win.cc(73)] ReadMemory at 0x1d7a855ca20 of 132 bytes failed: Only part of a ReadProcessMemory or WriteProcessMemory request was completed. (0x12B)
[0510/215247.223:ERROR:process_memory_win.cc(73)] ReadMemory at 0x1d7a855d120 of 132 bytes failed: Only part of a ReadProcessMemory or WriteProcessMemory request was completed. (0x12B)
[0510/215247.223:ERROR:process_memory_win.cc(73)] ReadMemory at 0x1d7a855d470 of 132 bytes failed: Only part of a ReadProcessMemory or WriteProcessMemory request was completed. (0x12B)
[0510/215247.224:ERROR:process_memory_win.cc(73)] ReadMemory at 0x1d7a855d7e0 of 132 bytes failed: Only part of a ReadProcessMemory or WriteProcessMemory request was completed. (0x12B)
[0510/215247.224:ERROR:process_memory_win.cc(73)] ReadMemory at 0x1d7a855d910 of 132 bytes failed: Only part of a ReadProcessMemory or WriteProcessMemory request was completed. (0x12B)
[0510/215247.225:ERROR:process_memory_win.cc(73)] ReadMemory at 0x1d7a855da40 of 132 bytes failed: Only part of a ReadProcessMemory or WriteProcessMemory request was completed. (0x12B)
[0510/215247.225:ERROR:process_memory_win.cc(73)] ReadMemory at 0x1d7a855db70 of 132 bytes failed: Only part of a ReadProcessMemory or WriteProcessMemory request was completed. (0x12B)
[0510/215247.225:ERROR:process_memory_win.cc(73)] ReadMemory at 0x1d7a855dca0 of 132 bytes failed: Only part of a ReadProcessMemory or WriteProcessMemory request was completed. (0x12B)
[0510/215247.225:ERROR:process_memory_win.cc(73)] ReadMemory at 0x1d7a855ddd0 of 132 bytes failed: Only part of a ReadProcessMemory or WriteProcessMemory request was completed. (0x12B)
[0510/215247.225:ERROR:process_memory_win.cc(73)] ReadMemory at 0x1d7a855df00 of 132 bytes failed: Only part of a ReadProcessMemory or WriteProcessMemory request was completed. (0x12B)
[0510/215247.225:ERROR:process_memory_win.cc(73)] ReadMemory at 0x1d7a855e030 of 132 bytes failed: Only part of a ReadProcessMemory or WriteProcessMemory request was completed. (0x12B)
[0510/215247.225:ERROR:process_memory_win.cc(73)] ReadMemory at 0x1d7a855e160 of 132 bytes failed: Only part of a ReadProcessMemory or WriteProcessMemory request was completed. (0x12B)
[0510/215247.226:ERROR:process_memory_win.cc(73)] ReadMemory at 0x1d7a855e290 of 132 bytes failed: Only part of a ReadProcessMemory or WriteProcessMemory request was completed. (0x12B)
[0510/215247.226:ERROR:process_memory_win.cc(73)] ReadMemory at 0x1d7a855e3c0 of 132 bytes failed: Only part of a ReadProcessMemory or WriteProcessMemory request was completed. (0x12B)
[0510/215247.226:ERROR:process_memory_win.cc(73)] ReadMemory at 0x1d7a855e4f0 of 132 bytes failed: Only part of a ReadProcessMemory or WriteProcessMemory request was completed. (0x12B)
[0510/215247.226:ERROR:process_memory_win.cc(73)] ReadMemory at 0x1d7a855e620 of 132 bytes failed: Only part of a ReadProcessMemory or WriteProcessMemory request was completed. (0x12B)
[0510/215247.226:ERROR:process_memory_win.cc(73)] ReadMemory at 0x1d7a8566470 of 54 bytes failed: Only part of a ReadProcessMemory or WriteProcessMemory request was completed. (0x12B)
[0510/215247.226:ERROR:process_memory_win.cc(73)] ReadMemory at 0x1d7a8566810 of 64 bytes failed: Only part of a ReadProcessMemory or WriteProcessMemory request was completed. (0x12B)
[0510/215247.226:ERROR:process_memory_win.cc(73)] ReadMemory at 0x1d7a8566900 of 58 bytes failed: Only part of a ReadProcessMemory or WriteProcessMemory request was completed. (0x12B)
[0510/215247.226:ERROR:process_memory_win.cc(73)] ReadMemory at 0x1d7a8566950 of 60 bytes failed: Only part of a ReadProcessMemory or WriteProcessMemory request was completed. (0x12B)
[0510/215247.227:ERROR:process_memory_win.cc(73)] ReadMemory at 0x1d7a85669f0 of 64 bytes failed: Only part of a ReadProcessMemory or WriteProcessMemory request was completed. (0x12B)
[0510/215247.227:ERROR:process_memory_win.cc(73)] ReadMemory at 0x1d7a8566a40 of 64 bytes failed: Only part of a ReadProcessMemory or WriteProcessMemory request was completed. (0x12B)
[0510/215247.227:ERROR:process_memory_win.cc(73)] ReadMemory at 0x1d7a8566a90 of 62 bytes failed: Only part of a ReadProcessMemory or WriteProcessMemory request was completed. (0x12B)
[0510/215247.227:ERROR:process_memory_win.cc(73)] ReadMemory at 0x1d7a8566b80 of 62 bytes failed: Only part of a ReadProcessMemory or WriteProcessMemory request was completed. (0x12B)
[0510/215247.227:ERROR:process_memory_win.cc(73)] ReadMemory at 0x1d7a8566bd0 of 62 bytes failed: Only part of a ReadProcessMemory or WriteProcessMemory request was completed. (0x12B)
[0510/215247.227:ERROR:process_memory_win.cc(73)] ReadMemory at 0x1d7a8566c20 of 64 bytes failed: Only part of a ReadProcessMemory or WriteProcessMemory request was completed. (0x12B)
[0510/215247.227:ERROR:process_memory_win.cc(73)] ReadMemory at 0x1d7a8566c70 of 60 bytes failed: Only part of a ReadProcessMemory or WriteProcessMemory request was completed. (0x12B)
[0510/215247.228:ERROR:process_memory_win.cc(73)] ReadMemory at 0x1d7a8566db0 of 62 bytes failed: Only part of a ReadProcessMemory or WriteProcessMemory request was completed. (0x12B)
[0510/215247.228:ERROR:process_memory_win.cc(73)] ReadMemory at 0x1d7a8566ea0 of 60 bytes failed: Only part of a ReadProcessMemory or WriteProcessMemory request was completed. (0x12B)
[0510/215247.228:ERROR:process_memory_win.cc(73)] ReadMemory at 0x1d7a8567030 of 62 bytes failed: Only part of a ReadProcessMemory or WriteProcessMemory request was completed. (0x12B)
[0510/215247.228:ERROR:process_memory_win.cc(73)] ReadMemory at 0x1d7a8567080 of 62 bytes failed: Only part of a ReadProcessMemory or WriteProcessMemory request was completed. (0x12B)
[0510/215247.228:ERROR:process_memory_win.cc(73)] ReadMemory at 0x1d7a8567170 of 62 bytes failed: Only part of a ReadProcessMemory or WriteProcessMemory request was completed. (0x12B)
[0510/215247.228:ERROR:process_memory_win.cc(73)] ReadMemory at 0x1d7a85672b0 of 66 bytes failed: Only part of a ReadProcessMemory or WriteProcessMemory request was completed. (0x12B)
[0510/215247.228:ERROR:process_memory_win.cc(73)] ReadMemory at 0x1d7a85673f0 of 62 bytes failed: Only part of a ReadProcessMemory or WriteProcessMemory request was completed. (0x12B)
[0510/215247.228:ERROR:process_memory_win.cc(73)] ReadMemory at 0x1d7a8567440 of 64 bytes failed: Only part of a ReadProcessMemory or WriteProcessMemory request was completed. (0x12B)
[0510/215247.229:ERROR:process_memory_win.cc(73)] ReadMemory at 0x1d7a8567670 of 60 bytes failed: Only part of a ReadProcessMemory or WriteProcessMemory request was completed. (0x12B)
[0510/215247.229:ERROR:process_memory_win.cc(73)] ReadMemory at 0x1d7a8568b40 of 80 bytes failed: Only part of a ReadProcessMemory or WriteProcessMemory request was completed. (0x12B)
[0510/215247.229:ERROR:process_memory_win.cc(73)] ReadMemory at 0x1d7a8568fc0 of 76 bytes failed: Only part of a ReadProcessMemory or WriteProcessMemory request was completed. (0x12B)
[0510/215247.229:ERROR:process_memory_win.cc(73)] ReadMemory at 0x1d7a85696e0 of 80 bytes failed: Only part of a ReadProcessMemory or WriteProcessMemory request was completed. (0x12B)
[0510/215247.229:ERROR:process_memory_win.cc(73)] ReadMemory at 0x1d7a856f960 of 132 bytes failed: Only part of a ReadProcessMemory or WriteProcessMemory request was completed. (0x12B)
[0510/215247.229:ERROR:process_memory_win.cc(73)] ReadMemory at 0x1d7a856fbc0 of 132 bytes failed: Only part of a ReadProcessMemory or WriteProcessMemory request was completed. (0x12B)
[0510/215247.229:ERROR:process_memory_win.cc(73)] ReadMemory at 0x1d7a856fe20 of 132 bytes failed: Only part of a ReadProcessMemory or WriteProcessMemory request was completed. (0x12B)
[0510/215247.229:ERROR:process_memory_win.cc(73)] ReadMemory at 0x1d7a85702e0 of 132 bytes failed: Only part of a ReadProcessMemory or WriteProcessMemory request was completed. (0x12B)
[0510/215247.230:ERROR:process_memory_win.cc(73)] ReadMemory at 0x1d7a8570410 of 132 bytes failed: Only part of a ReadProcessMemory or WriteProcessMemory request was completed. (0x12B)
[0510/215247.230:ERROR:process_memory_win.cc(73)] ReadMemory at 0x1d7a8570540 of 132 bytes failed: Only part of a ReadProcessMemory or WriteProcessMemory request was completed. (0x12B)
[0510/215247.230:ERROR:process_memory_win.cc(73)] ReadMemory at 0x1d7a8570670 of 132 bytes failed: Only part of a ReadProcessMemory or WriteProcessMemory request was completed. (0x12B)
[0510/215247.230:ERROR:process_memory_win.cc(73)] ReadMemory at 0x1d7a85708d0 of 132 bytes failed: Only part of a ReadProcessMemory or WriteProcessMemory request was completed. (0x12B)
[0510/215247.230:ERROR:process_memory_win.cc(73)] ReadMemory at 0x1d7a8570a00 of 132 bytes failed: Only part of a ReadProcessMemory or WriteProcessMemory request was completed. (0x12B)
[0510/215247.230:ERROR:process_memory_win.cc(73)] ReadMemory at 0x1d7a8570b30 of 132 bytes failed: Only part of a ReadProcessMemory or WriteProcessMemory request was completed. (0x12B)
[0510/215247.231:ERROR:process_memory_win.cc(73)] ReadMemory at 0x1d7a8570ec0 of 132 bytes failed: Only part of a ReadProcessMemory or WriteProcessMemory request was completed. (0x12B)
[0510/215247.231:ERROR:process_memory_win.cc(73)] ReadMemory at 0x1d7a8570ff0 of 132 bytes failed: Only part of a ReadProcessMemory or WriteProcessMemory request was completed. (0x12B)
[0510/215247.231:ERROR:process_memory_win.cc(73)] ReadMemory at 0x1d7a8571120 of 132 bytes failed: Only part of a ReadProcessMemory or WriteProcessMemory request was completed. (0x12B)
[0510/215247.231:ERROR:process_memory_win.cc(73)] ReadMemory at 0x1d7a8571380 of 132 bytes failed: Only part of a ReadProcessMemory or WriteProcessMemory request was completed. (0x12B)
[0510/215247.231:ERROR:process_memory_win.cc(73)] ReadMemory at 0x1d7a85715e0 of 132 bytes failed: Only part of a ReadProcessMemory or WriteProcessMemory request was completed. (0x12B)
[0510/215247.231:ERROR:process_memory_win.cc(73)] ReadMemory at 0x1d7a8571710 of 132 bytes failed: Only part of a ReadProcessMemory or WriteProcessMemory request was completed. (0x12B)
[0510/215247.231:ERROR:process_memory_win.cc(73)] ReadMemory at 0x1d7a857ec80 of 512 bytes failed: Only part of a ReadProcessMemory or WriteProcessMemory request was completed. (0x12B)
[0510/215247.232:ERROR:process_memory_win.cc(73)] ReadMemory at 0x1d7a857fb40 of 512 bytes failed: Only part of a ReadProcessMemory or WriteProcessMemory request was completed. (0x12B)
[0510/215247.232:ERROR:process_memory_win.cc(73)] ReadMemory at 0x1d7a8750e80 of 512 bytes failed: Only part of a ReadProcessMemory or WriteProcessMemory request was completed. (0x12B)
[0510/215247.232:ERROR:process_memory_win.cc(73)] ReadMemory at 0x1d7a8f3f350 of 512 bytes failed: Only part of a ReadProcessMemory or WriteProcessMemory request was completed. (0x12B)
[0510/215247.232:ERROR:process_memory_win.cc(73)] ReadMemory at 0x1d7a8f41120 of 512 bytes failed: Only part of a ReadProcessMemory or WriteProcessMemory request was completed. (0x12B)
[0510/215247.232:ERROR:process_memory_win.cc(73)] ReadMemory at 0x1d7a8f41840 of 512 bytes failed: Only part of a ReadProcessMemory or WriteProcessMemory request was completed. (0x12B)
[0510/215247.232:ERROR:process_memory_win.cc(73)] ReadMemory at 0x1d7a8f42b90 of 512 bytes failed: Only part of a ReadProcessMemory or WriteProcessMemory request was completed. (0x12B)
[0510/215247.233:ERROR:process_memory_win.cc(73)] ReadMemory at 0x1d7a8f5a1b0 of 712 bytes failed: Only part of a ReadProcessMemory or WriteProcessMemory request was completed. (0x12B)
[0510/215247.233:ERROR:process_memory_win.cc(73)] ReadMemory at 0x1d7aa5c0000 of 384 bytes failed: Only part of a ReadProcessMemory or WriteProcessMemory request was completed. (0x12B)
[0510/215247.233:ERROR:process_memory_win.cc(73)] ReadMemory at 0x1d7aa63a440 of 512 bytes failed: Only part of a ReadProcessMemory or WriteProcessMemory request was completed. (0x12B)
[0510/215247.233:ERROR:process_memory_win.cc(73)] ReadMemory at 0x1193dd6b59c8 of 512 bytes failed: Only part of a ReadProcessMemory or WriteProcessMemory request was completed. (0x12B)
[0510/215247.233:ERROR:process_memory_win.cc(73)] ReadMemory at 0x7ffd69654b5a of 512 bytes failed: Only part of a ReadProcessMemory or WriteProcessMemory request was completed. (0x12B)
[0510/215247.233:ERROR:process_memory_win.cc(73)] ReadMemory at 0x7ffd6ae442b0 of 512 bytes failed: Only part of a ReadProcessMemory or WriteProcessMemory request was completed. (0x12B)
[0510/215247.234:ERROR:process_memory_win.cc(73)] ReadMemory at 0x7ffd6b1ae67c of 512 bytes failed: Only part of a ReadProcessMemory or WriteProcessMemory request was completed. (0x12B)
[0510/215247.234:ERROR:process_memory_win.cc(73)] ReadMemory at 0x7ffd6b70971c of 512 bytes failed: Only part of a ReadProcessMemory or WriteProcessMemory request was completed. (0x12B)
[0510/215247.234:ERROR:process_memory_win.cc(73)] ReadMemory at 0x7ffd6c525dbf of 512 bytes failed: Only part of a ReadProcessMemory or WriteProcessMemory request was completed. (0x12B)
[0510/215247.234:ERROR:process_memory_win.cc(73)] ReadMemory at 0x7ffd708daf58 of 512 bytes failed: Only part of a ReadProcessMemory or WriteProcessMemory request was completed. (0x12B)
[0510/215247.235:ERROR:process_memory_win.cc(73)] ReadMemory at 0x7ffdd7c1c0c4 of 672 bytes failed: Only part of a ReadProcessMemory or WriteProcessMemory request was completed. (0x12B)
[0510/215247.235:ERROR:process_memory_win.cc(73)] ReadMemory at 0x7ffdd7c1c6c4 of 512 bytes failed: Only part of a ReadProcessMemory or WriteProcessMemory request was completed. (0x12B)
[0510/215247.235:ERROR:process_memory_win.cc(73)] ReadMemory at 0x7ffdd7c1f974 of 608 bytes failed: Only part of a ReadProcessMemory or WriteProcessMemory request was completed. (0x12B)
[0510/215247.236:ERROR:process_memory_win.cc(73)] ReadMemory at 0x7ffdd7cac428 of 18 bytes failed: Only part of a ReadProcessMemory or WriteProcessMemory request was completed. (0x12B)
[0510/215247.237:ERROR:process_memory_win.cc(73)] ReadMemory at 0x7ffdd7cdf4f8 of 40 bytes failed: Only part of a ReadProcessMemory or WriteProcessMemory request was completed. (0x12B)
[0510/215247.237:ERROR:process_memory_win.cc(73)] ReadMemory at 0x7ffdd7cdf978 of 48 bytes failed: Only part of a ReadProcessMemory or WriteProcessMemory request was completed. (0x12B)
[0510/215247.237:ERROR:process_memory_win.cc(73)] ReadMemory at 0x7ffdd7ce53c0 of 64 bytes failed: Only part of a ReadProcessMemory or WriteProcessMemory request was completed. (0x12B)
[0510/215247.242:ERROR:scoped_process_suspend.cc(40)] NtResumeProcess: An attempt was made to access an exiting process. (0xc000010a)
